{
"contracts/abstracts/BlockRewardBase.sol":{"l":{},"path":"/Users/heshamshabanah/gr8h/Repos/fuse/fuse-network/contracts/abstracts/BlockRewardBase.sol","s":{},"b":{},"f":{},"fnMap":{},"statementMap":{},"branchMap":{}},
"contracts/abstracts/ValidatorSet.sol":{"l":{},"path":"/Users/heshamshabanah/gr8h/Repos/fuse/fuse-network/contracts/abstracts/ValidatorSet.sol","s":{},"b":{},"f":{},"fnMap":{},"statementMap":{},"branchMap":{}},
"contracts/abstracts/VotingBase.sol":{"l":{},"path":"/Users/heshamshabanah/gr8h/Repos/fuse/fuse-network/contracts/abstracts/VotingBase.sol","s":{},"b":{},"f":{},"fnMap":{},"statementMap":{},"branchMap":{}},
"contracts/BlockReward.sol":{"l":{"37":0,"38":0,"45":0,"46":0,"53":0,"54":0,"61":0,"62":0,"69":0,"70":0,"71":0,"72":0,"73":0,"74":0,"84":0,"85":0,"86":0,"88":0,"90":0,"92":0,"93":0,"95":0,"96":0,"97":0,"98":0,"99":0,"100":0,"103":0,"104":0,"106":0,"107":0,"110":0,"112":0,"113":0,"117":0,"124":0,"125":0,"126":0,"127":0,"139":0,"143":0,"144":0,"148":0,"152":0,"156":0,"157":0,"161":0,"168":0,"175":0,"179":0,"183":0,"187":0,"188":0,"189":0,"190":0,"193":0,"194":0,"196":0,"201":0,"205":0,"209":0},"path":"/Users/heshamshabanah/gr8h/Repos/fuse/fuse-network/contracts/BlockReward.sol","s":{"1":0,"2":0,"3":0,"4":0,"5":0,"6":0,"7":0,"8":0,"9":0,"10":0,"11":0,"12":0,"13":0,"14":0,"15":0,"16":0,"17":0,"18":0,"19":0,"20":0,"21":0,"22":0,"23":0,"24":0,"25":0,"26":0,"27":0,"28":0,"29":0,"30":0,"31":0,"32":0,"33":0,"34":0,"35":0,"36":0,"37":0,"38":0,"39":0,"40":0,"41":0,"42":0,"43":0,"44":0,"45":0,"46":0,"47":0},"b":{"1":[0,0],"2":[0,0],"3":[0,0],"4":[0,0],"5":[0,0],"6":[0,0],"7":[0,0],"8":[0,0],"9":[0,0],"10":[0,0],"11":[0,0],"12":[0,0],"13":[0,0],"14":[0,0],"15":[0,0],"16":[0,0],"17":[0,0]},"f":{"1":0,"2":0,"3":0,"4":0,"5":0,"6":0,"7":0,"8":0,"9":0,"10":0,"11":0,"12":0,"13":0,"14":0,"15":0,"16":0,"17":0,"18":0,"19":0,"20":0,"21":0,"22":0},"fnMap":{"1":{"name":"onlySystem","line":36,"loc":{"start":{"line":36,"column":2},"end":{"line":39,"column":2}}},"2":{"name":"onlyOwner","line":44,"loc":{"start":{"line":44,"column":2},"end":{"line":47,"column":2}}},"3":{"name":"onlyConsensus","line":52,"loc":{"start":{"line":52,"column":2},"end":{"line":55,"column":2}}},"4":{"name":"onlyValidator","line":60,"loc":{"start":{"line":60,"column":2},"end":{"line":63,"column":2}}},"5":{"name":"initialize","line":68,"loc":{"start":{"line":68,"column":2},"end":{"line":75,"column":2}}},"6":{"name":"reward","line":83,"loc":{"start":{"line":83,"column":2},"end":{"line":114,"column":2}}},"7":{"name":"onCycleEnd","line":116,"loc":{"start":{"line":116,"column":2},"end":{"line":118,"column":2}}},"8":{"name":"emitRewardedOnCycle","line":123,"loc":{"start":{"line":123,"column":2},"end":{"line":128,"column":2}}},"9":{"name":"_setSystemAddress","line":138,"loc":{"start":{"line":138,"column":2},"end":{"line":140,"column":2}}},"10":{"name":"_setTotalSupply","line":142,"loc":{"start":{"line":142,"column":2},"end":{"line":145,"column":2}}},"11":{"name":"getTotalSupply","line":147,"loc":{"start":{"line":147,"column":2},"end":{"line":149,"column":2}}},"12":{"name":"_initRewardedOnCycle","line":151,"loc":{"start":{"line":151,"column":2},"end":{"line":153,"column":2}}},"13":{"name":"_setRewardedOnCycle","line":155,"loc":{"start":{"line":155,"column":2},"end":{"line":158,"column":2}}},"14":{"name":"getRewardedOnCycle","line":160,"loc":{"start":{"line":160,"column":2},"end":{"line":162,"column":2}}},"15":{"name":"getInflation","line":167,"loc":{"start":{"line":167,"column":2},"end":{"line":169,"column":2}}},"16":{"name":"getBlocksPerYear","line":174,"loc":{"start":{"line":174,"column":2},"end":{"line":176,"column":2}}},"17":{"name":"_setBlockRewardAmount","line":178,"loc":{"start":{"line":178,"column":2},"end":{"line":180,"column":2}}},"18":{"name":"getBlockRewardAmount","line":182,"loc":{"start":{"line":182,"column":2},"end":{"line":184,"column":2}}},"19":{"name":"getBlockRewardAmountPerValidator","line":186,"loc":{"start":{"line":186,"column":2},"end":{"line":197,"column":2}}},"20":{"name":"getProxyStorage","line":200,"loc":{"start":{"line":200,"column":2},"end":{"line":202,"column":2}}},"21":{"name":"shouldEmitRewardedOnCycle","line":204,"loc":{"start":{"line":204,"column":2},"end":{"line":206,"column":2}}},"22":{"name":"_setShouldEmitRewardedOnCycle","line":208,"loc":{"start":{"line":208,"column":2},"end":{"line":210,"column":2}}}},"statementMap":{"1":{"start":{"line":37,"column":4},"end":{"line":37,"column":56}},"2":{"start":{"line":45,"column":4},"end":{"line":45,"column":47}},"3":{"start":{"line":53,"column":4},"end":{"line":53,"column":72}},"4":{"start":{"line":61,"column":4},"end":{"line":61,"column":94}},"5":{"start":{"line":69,"column":4},"end":{"line":69,"column":28}},"6":{"start":{"line":70,"column":4},"end":{"line":70,"column":64}},"7":{"start":{"line":71,"column":4},"end":{"line":71,"column":27}},"8":{"start":{"line":72,"column":4},"end":{"line":72,"column":25}},"9":{"start":{"line":73,"column":4},"end":{"line":73,"column":26}},"10":{"start":{"line":74,"column":4},"end":{"line":74,"column":23}},"11":{"start":{"line":84,"column":4},"end":{"line":84,"column":45}},"12":{"start":{"line":85,"column":4},"end":{"line":85,"column":35}},"13":{"start":{"line":86,"column":4},"end":{"line":86,"column":24}},"14":{"start":{"line":88,"column":4},"end":{"line":88,"column":80}},"15":{"start":{"line":90,"column":4},"end":{"line":90,"column":192}},"16":{"start":{"line":92,"column":4},"end":{"line":92,"column":70}},"17":{"start":{"line":93,"column":4},"end":{"line":93,"column":62}},"18":{"start":{"line":97,"column":4},"end":{"line":97,"column":3247}},"19":{"start":{"line":103,"column":4},"end":{"line":103,"column":67}},"20":{"start":{"line":104,"column":4},"end":{"line":104,"column":59}},"21":{"start":{"line":106,"column":4},"end":{"line":106,"column":3567}},"22":{"start":{"line":107,"column":6},"end":{"line":107,"column":28}},"23":{"start":{"line":110,"column":4},"end":{"line":110,"column":83}},"24":{"start":{"line":112,"column":4},"end":{"line":112,"column":37}},"25":{"start":{"line":113,"column":4},"end":{"line":113,"column":31}},"26":{"start":{"line":117,"column":4},"end":{"line":117,"column":38}},"27":{"start":{"line":124,"column":4},"end":{"line":124,"column":39}},"28":{"start":{"line":125,"column":4},"end":{"line":125,"column":46}},"29":{"start":{"line":126,"column":4},"end":{"line":126,"column":39}},"30":{"start":{"line":127,"column":4},"end":{"line":127,"column":25}},"31":{"start":{"line":143,"column":4},"end":{"line":143,"column":24}},"32":{"start":{"line":148,"column":4},"end":{"line":148,"column":36}},"33":{"start":{"line":152,"column":4},"end":{"line":152,"column":25}},"34":{"start":{"line":156,"column":4},"end":{"line":156,"column":24}},"35":{"start":{"line":161,"column":4},"end":{"line":161,"column":43}},"36":{"start":{"line":168,"column":4},"end":{"line":168,"column":20}},"37":{"start":{"line":175,"column":4},"end":{"line":175,"column":26}},"38":{"start":{"line":183,"column":4},"end":{"line":183,"column":43}},"39":{"start":{"line":187,"column":4},"end":{"line":187,"column":85}},"40":{"start":{"line":188,"column":4},"end":{"line":188,"column":59}},"41":{"start":{"line":189,"column":4},"end":{"line":189,"column":59}},"42":{"start":{"line":190,"column":4},"end":{"line":190,"column":73}},"43":{"start":{"line":193,"column":4},"end":{"line":193,"column":6769}},"44":{"start":{"line":194,"column":6},"end":{"line":194,"column":35}},"45":{"start":{"line":196,"column":4},"end":{"line":196,"column":101}},"46":{"start":{"line":201,"column":4},"end":{"line":201,"column":40}},"47":{"start":{"line":205,"column":4},"end":{"line":205,"column":129}}},"branchMap":{"1":{"line":37,"type":"if","locations":[{"start":{"line":37,"column":4},"end":{"line":37,"column":4}},{"start":{"line":37,"column":4},"end":{"line":37,"column":4}}]},"2":{"line":45,"type":"if","locations":[{"start":{"line":45,"column":4},"end":{"line":45,"column":4}},{"start":{"line":45,"column":4},"end":{"line":45,"column":4}}]},"3":{"line":53,"type":"if","locations":[{"start":{"line":53,"column":4},"end":{"line":53,"column":4}},{"start":{"line":53,"column":4},"end":{"line":53,"column":4}}]},"4":{"line":61,"type":"if","locations":[{"start":{"line":61,"column":4},"end":{"line":61,"column":4}},{"start":{"line":61,"column":4},"end":{"line":61,"column":4}}]},"5":{"line":68,"type":"if","locations":[{"start":{"line":68,"column":48},"end":{"line":68,"column":48}},{"start":{"line":68,"column":48},"end":{"line":68,"column":48}}]},"6":{"line":69,"type":"if","locations":[{"start":{"line":69,"column":4},"end":{"line":69,"column":4}},{"start":{"line":69,"column":4},"end":{"line":69,"column":4}}]},"7":{"line":83,"type":"if","locations":[{"start":{"line":83,"column":65},"end":{"line":83,"column":65}},{"start":{"line":83,"column":65},"end":{"line":83,"column":65}}]},"8":{"line":84,"type":"if","locations":[{"start":{"line":84,"column":4},"end":{"line":84,"column":4}},{"start":{"line":84,"column":4},"end":{"line":84,"column":4}}]},"9":{"line":85,"type":"if","locations":[{"start":{"line":85,"column":4},"end":{"line":85,"column":4}},{"start":{"line":85,"column":4},"end":{"line":85,"column":4}}]},"10":{"line":86,"type":"if","locations":[{"start":{"line":86,"column":4},"end":{"line":86,"column":4}},{"start":{"line":86,"column":4},"end":{"line":86,"column":4}}]},"11":{"line":106,"type":"if","locations":[{"start":{"line":106,"column":4},"end":{"line":106,"column":4}},{"start":{"line":106,"column":4},"end":{"line":106,"column":4}}]},"12":{"line":116,"type":"if","locations":[{"start":{"line":116,"column":33},"end":{"line":116,"column":33}},{"start":{"line":116,"column":33},"end":{"line":116,"column":33}}]},"13":{"line":123,"type":"if","locations":[{"start":{"line":123,"column":42},"end":{"line":123,"column":42}},{"start":{"line":123,"column":42},"end":{"line":123,"column":42}}]},"14":{"line":124,"type":"if","locations":[{"start":{"line":124,"column":4},"end":{"line":124,"column":4}},{"start":{"line":124,"column":4},"end":{"line":124,"column":4}}]},"15":{"line":143,"type":"if","locations":[{"start":{"line":143,"column":4},"end":{"line":143,"column":4}},{"start":{"line":143,"column":4},"end":{"line":143,"column":4}}]},"16":{"line":156,"type":"if","locations":[{"start":{"line":156,"column":4},"end":{"line":156,"column":4}},{"start":{"line":156,"column":4},"end":{"line":156,"column":4}}]},"17":{"line":193,"type":"if","locations":[{"start":{"line":193,"column":4},"end":{"line":193,"column":4}},{"start":{"line":193,"column":4},"end":{"line":193,"column":4}}]}}},
"contracts/Consensus.sol":{"l":{"17":0,"18":0,"19":0,"20":0,"21":0,"23":0,"25":0,"26":0,"33":0,"40":0,"41":0,"42":0,"44":0,"51":0,"58":0,"66":0,"74":0,"83":0,"90":0,"91":0,"92":0,"93":0,"94":0,"95":0,"96":0,"97":0,"99":0,"100":0,"101":0,"102":0,"104":0,"112":0,"113":0,"114":0,"115":0,"124":0,"125":0,"126":0,"133":0,"135":0,"142":0,"143":0},"path":"/Users/heshamshabanah/gr8h/Repos/fuse/fuse-network/contracts/Consensus.sol","s":{"1":0,"2":0,"3":0,"4":0,"5":0,"6":0,"7":0,"8":0,"9":0,"10":0,"11":0,"12":0,"13":0,"14":0,"15":0,"16":0,"17":0,"18":0,"19":0,"20":0,"21":0,"22":0,"23":0,"24":0,"25":0,"26":0,"27":0,"28":0,"29":0,"30":0,"31":0,"32":0,"33":0,"34":0,"35":0,"36":0,"37":0,"38":0,"39":0,"40":0,"41":0,"42":0},"b":{"1":[0,0],"2":[0,0],"3":[0,0],"4":[0,0],"5":[0,0],"6":[0,0],"7":[0,0],"8":[0,0],"9":[0,0],"10":[0,0],"11":[0,0],"12":[0,0],"13":[0,0],"14":[0,0],"15":[0,0],"16":[0,0],"17":[0,0],"18":[0,0],"19":[0,0],"20":[0,0]},"f":{"1":0,"2":0,"3":0,"4":0,"5":0,"6":0,"7":0,"8":0,"9":0,"10":0,"11":0,"12":0,"13":0},"fnMap":{"1":{"name":"initialize","line":16,"loc":{"start":{"line":16,"column":2},"end":{"line":27,"column":2}}},"2":{"name":"getValidators","line":32,"loc":{"start":{"line":32,"column":2},"end":{"line":34,"column":2}}},"3":{"name":"finalizeChange","line":39,"loc":{"start":{"line":39,"column":2},"end":{"line":45,"column":2}}},"4":{"name":"","line":50,"loc":{"start":{"line":50,"column":2},"end":{"line":52,"column":2}}},"5":{"name":"stake","line":57,"loc":{"start":{"line":57,"column":2},"end":{"line":59,"column":2}}},"6":{"name":"delegate","line":65,"loc":{"start":{"line":65,"column":2},"end":{"line":67,"column":2}}},"7":{"name":"withdraw","line":73,"loc":{"start":{"line":73,"column":2},"end":{"line":75,"column":2}}},"8":{"name":"withdraw","line":82,"loc":{"start":{"line":82,"column":2},"end":{"line":84,"column":2}}},"9":{"name":"cycle","line":89,"loc":{"start":{"line":89,"column":2},"end":{"line":106,"column":2}}},"10":{"name":"emitInitiateChange","line":111,"loc":{"start":{"line":111,"column":2},"end":{"line":116,"column":2}}},"11":{"name":"setValidatorFee","line":123,"loc":{"start":{"line":123,"column":2},"end":{"line":127,"column":2}}},"12":{"name":"unJail","line":132,"loc":{"start":{"line":132,"column":2},"end":{"line":136,"column":2}}},"13":{"name":"maintenance","line":141,"loc":{"start":{"line":141,"column":2},"end":{"line":144,"column":2}}}},"statementMap":{"1":{"start":{"line":17,"column":4},"end":{"line":17,"column":28}},"2":{"start":{"line":18,"column":4},"end":{"line":18,"column":64}},"3":{"start":{"line":19,"column":4},"end":{"line":19,"column":21}},"4":{"start":{"line":20,"column":4},"end":{"line":20,"column":629}},"5":{"start":{"line":21,"column":6},"end":{"line":21,"column":38}},"6":{"start":{"line":23,"column":6},"end":{"line":23,"column":45}},"7":{"start":{"line":25,"column":4},"end":{"line":25,"column":22}},"8":{"start":{"line":26,"column":4},"end":{"line":26,"column":23}},"9":{"start":{"line":33,"column":4},"end":{"line":33,"column":30}},"10":{"start":{"line":40,"column":4},"end":{"line":40,"column":1125}},"11":{"start":{"line":41,"column":6},"end":{"line":41,"column":45}},"12":{"start":{"line":42,"column":6},"end":{"line":42,"column":47}},"13":{"start":{"line":44,"column":4},"end":{"line":44,"column":22}},"14":{"start":{"line":51,"column":4},"end":{"line":51,"column":47}},"15":{"start":{"line":58,"column":4},"end":{"line":58,"column":47}},"16":{"start":{"line":66,"column":4},"end":{"line":66,"column":47}},"17":{"start":{"line":74,"column":4},"end":{"line":74,"column":45}},"18":{"start":{"line":83,"column":4},"end":{"line":83,"column":45}},"19":{"start":{"line":90,"column":4},"end":{"line":90,"column":31}},"20":{"start":{"line":91,"column":4},"end":{"line":91,"column":2814}},"21":{"start":{"line":92,"column":6},"end":{"line":92,"column":89}},"22":{"start":{"line":93,"column":6},"end":{"line":93,"column":23}},"23":{"start":{"line":94,"column":6},"end":{"line":94,"column":36}},"24":{"start":{"line":95,"column":6},"end":{"line":95,"column":51}},"25":{"start":{"line":96,"column":6},"end":{"line":96,"column":3056}},"26":{"start":{"line":97,"column":8},"end":{"line":97,"column":34}},"27":{"start":{"line":99,"column":6},"end":{"line":99,"column":3132}},"28":{"start":{"line":100,"column":8},"end":{"line":100,"column":27}},"29":{"start":{"line":101,"column":8},"end":{"line":101,"column":41}},"30":{"start":{"line":102,"column":8},"end":{"line":102,"column":39}},"31":{"start":{"line":104,"column":6},"end":{"line":104,"column":80}},"32":{"start":{"line":112,"column":4},"end":{"line":112,"column":38}},"33":{"start":{"line":113,"column":4},"end":{"line":113,"column":39}},"34":{"start":{"line":114,"column":4},"end":{"line":114,"column":71}},"35":{"start":{"line":115,"column":4},"end":{"line":115,"column":38}},"36":{"start":{"line":124,"column":4},"end":{"line":124,"column":36}},"37":{"start":{"line":125,"column":4},"end":{"line":125,"column":43}},"38":{"start":{"line":126,"column":4},"end":{"line":126,"column":40}},"39":{"start":{"line":133,"column":4},"end":{"line":133,"column":68}},"40":{"start":{"line":135,"column":4},"end":{"line":135,"column":30}},"41":{"start":{"line":142,"column":4},"end":{"line":142,"column":41}},"42":{"start":{"line":143,"column":4},"end":{"line":143,"column":27}}},"branchMap":{"1":{"line":16,"type":"if","locations":[{"start":{"line":16,"column":58},"end":{"line":16,"column":58}},{"start":{"line":16,"column":58},"end":{"line":16,"column":58}}]},"2":{"line":17,"type":"if","locations":[{"start":{"line":17,"column":4},"end":{"line":17,"column":4}},{"start":{"line":17,"column":4},"end":{"line":17,"column":4}}]},"3":{"line":20,"type":"if","locations":[{"start":{"line":20,"column":4},"end":{"line":20,"column":4}},{"start":{"line":20,"column":4},"end":{"line":20,"column":4}}]},"4":{"line":39,"type":"if","locations":[{"start":{"line":39,"column":37},"end":{"line":39,"column":37}},{"start":{"line":39,"column":37},"end":{"line":39,"column":37}}]},"5":{"line":39,"type":"if","locations":[{"start":{"line":39,"column":48},"end":{"line":39,"column":48}},{"start":{"line":39,"column":48},"end":{"line":39,"column":48}}]},"6":{"line":40,"type":"if","locations":[{"start":{"line":40,"column":4},"end":{"line":40,"column":4}},{"start":{"line":40,"column":4},"end":{"line":40,"column":4}}]},"7":{"line":89,"type":"if","locations":[{"start":{"line":89,"column":46},"end":{"line":89,"column":46}},{"start":{"line":89,"column":46},"end":{"line":89,"column":46}}]},"8":{"line":91,"type":"if","locations":[{"start":{"line":91,"column":4},"end":{"line":91,"column":4}},{"start":{"line":91,"column":4},"end":{"line":91,"column":4}}]},"9":{"line":96,"type":"if","locations":[{"start":{"line":96,"column":6},"end":{"line":96,"column":6}},{"start":{"line":96,"column":6},"end":{"line":96,"column":6}}]},"10":{"line":99,"type":"if","locations":[{"start":{"line":99,"column":6},"end":{"line":99,"column":6}},{"start":{"line":99,"column":6},"end":{"line":99,"column":6}}]},"11":{"line":111,"type":"if","locations":[{"start":{"line":111,"column":41},"end":{"line":111,"column":41}},{"start":{"line":111,"column":41},"end":{"line":111,"column":41}}]},"12":{"line":112,"type":"if","locations":[{"start":{"line":112,"column":4},"end":{"line":112,"column":4}},{"start":{"line":112,"column":4},"end":{"line":112,"column":4}}]},"13":{"line":113,"type":"if","locations":[{"start":{"line":113,"column":4},"end":{"line":113,"column":4}},{"start":{"line":113,"column":4},"end":{"line":113,"column":4}}]},"14":{"line":123,"type":"if","locations":[{"start":{"line":123,"column":53},"end":{"line":123,"column":53}},{"start":{"line":123,"column":53},"end":{"line":123,"column":53}}]},"15":{"line":124,"type":"if","locations":[{"start":{"line":124,"column":4},"end":{"line":124,"column":4}},{"start":{"line":124,"column":4},"end":{"line":124,"column":4}}]},"16":{"line":125,"type":"if","locations":[{"start":{"line":125,"column":4},"end":{"line":125,"column":4}},{"start":{"line":125,"column":4},"end":{"line":125,"column":4}}]},"17":{"line":132,"type":"if","locations":[{"start":{"line":132,"column":29},"end":{"line":132,"column":29}},{"start":{"line":132,"column":29},"end":{"line":132,"column":29}}]},"18":{"line":133,"type":"if","locations":[{"start":{"line":133,"column":4},"end":{"line":133,"column":4}},{"start":{"line":133,"column":4},"end":{"line":133,"column":4}}]},"19":{"line":141,"type":"if","locations":[{"start":{"line":141,"column":34},"end":{"line":141,"column":34}},{"start":{"line":141,"column":34},"end":{"line":141,"column":34}}]},"20":{"line":142,"type":"if","locations":[{"start":{"line":142,"column":4},"end":{"line":142,"column":4}},{"start":{"line":142,"column":4},"end":{"line":142,"column":4}}]}}},
"contracts/ConsensusUtils.sol":{"l":{"42":0,"43":0,"50":0,"51":0,"58":0,"59":0,"66":0,"67":0,"74":0,"75":0,"82":0,"83":0,"103":0,"104":0,"105":0,"107":0,"108":0,"111":0,"114":0,"115":0,"116":0,"120":0,"122":0,"127":0,"128":0,"129":0,"130":0,"132":0,"135":0,"137":0,"138":0,"142":0,"143":0,"146":0,"148":0,"152":0,"153":0,"155":0,"159":0,"163":0,"164":0,"165":0,"166":0,"170":0,"174":0,"178":0,"185":0,"192":0,"199":0,"207":0,"216":0,"220":0,"221":0,"225":0,"226":0,"227":0,"229":0,"232":0,"235":0,"240":0,"241":0,"242":0,"247":0,"251":0,"255":0,"262":0,"266":0,"270":0,"274":0,"278":0,"282":0,"283":0,"284":0,"285":0,"286":0,"287":0,"288":0,"289":0,"290":0,"291":0,"292":0,"294":0,"298":0,"302":0,"306":0,"310":0,"314":0,"318":0,"322":0,"326":0,"327":0,"328":0,"331":0,"335":0,"336":0,"337":0,"340":0,"344":0,"348":0,"352":0,"353":0,"354":0,"355":0,"359":0,"360":0,"361":0,"364":0,"365":0,"369":0,"373":0,"377":0,"381":0,"385":0,"386":0,"387":0,"390":0,"394":0,"396":0,"397":0,"398":0,"399":0,"404":0,"405":0,"409":0,"413":0,"417":0,"418":0,"422":0,"426":0,"427":0,"428":0,"452":0,"453":0,"454":0,"455":0,"456":0,"457":0,"458":0,"461":0,"462":0,"463":0,"464":0,"465":0,"467":0,"468":0,"474":0,"478":0,"482":0,"486":0,"490":0,"493":0,"494":0,"495":0,"500":0,"504":0,"508":0,"509":0,"510":0,"515":0,"516":0,"517":0,"522":0,"526":0,"530":0,"534":0,"538":0,"539":0,"540":0,"543":0,"547":0,"551":0,"555":0,"556":0,"557":0,"558":0,"559":0,"560":0,"561":0,"564":0,"565":0,"566":0,"567":0,"568":0,"570":0,"571":0,"576":0,"577":0,"578":0,"580":0,"581":0,"582":0,"585":0,"589":0,"593":0,"597":0,"601":0,"605":0,"609":0,"613":0,"617":0,"621":0,"625":0,"629":0,"633":0,"637":0,"645":0,"652":0,"660":0,"661":0,"664":0,"665":0,"673":0,"677":0,"681":0},"path":"/Users/heshamshabanah/gr8h/Repos/fuse/fuse-network/contracts/ConsensusUtils.sol","s":{"1":0,"2":0,"3":0,"4":0,"5":0,"6":0,"7":0,"8":0,"9":0,"10":0,"11":0,"12":0,"13":0,"14":0,"15":0,"16":0,"17":0,"18":0,"19":0,"20":0,"21":0,"22":0,"23":0,"24":0,"25":0,"26":0,"27":0,"28":0,"29":0,"30":0,"31":0,"32":0,"33":0,"34":0,"35":0,"36":0,"37":0,"38":0,"39":0,"40":0,"41":0,"42":0,"43":0,"44":0,"45":0,"46":0,"47":0,"48":0,"49":0,"50":0,"51":0,"52":0,"53":0,"54":0,"55":0,"56":0,"57":0,"58":0,"59":0,"60":0,"61":0,"62":0,"63":0,"64":0,"65":0,"66":0,"67":0,"68":0,"69":0,"70":0,"71":0,"72":0,"73":0,"74":0,"75":0,"76":0,"77":0,"78":0,"79":0,"80":0,"81":0,"82":0,"83":0,"84":0,"85":0,"86":0,"87":0,"88":0,"89":0,"90":0,"91":0,"92":0,"93":0,"94":0,"95":0,"96":0,"97":0,"98":0,"99":0,"100":0,"101":0,"102":0,"103":0,"104":0,"105":0,"106":0,"107":0,"108":0,"109":0,"110":0,"111":0,"112":0,"113":0,"114":0,"115":0,"116":0,"117":0,"118":0,"119":0,"120":0,"121":0,"122":0,"123":0,"124":0,"125":0,"126":0,"127":0,"128":0,"129":0,"130":0,"131":0,"132":0,"133":0,"134":0,"135":0,"136":0,"137":0,"138":0,"139":0,"140":0,"141":0,"142":0,"143":0,"144":0,"145":0,"146":0,"147":0,"148":0,"149":0,"150":0,"151":0,"152":0,"153":0,"154":0,"155":0,"156":0,"157":0,"158":0,"159":0,"160":0,"161":0},"b":{"1":[0,0],"2":[0,0],"3":[0,0],"4":[0,0],"5":[0,0],"6":[0,0],"7":[0,0],"8":[0,0],"9":[0,0],"10":[0,0],"11":[0,0],"12":[0,0],"13":[0,0],"14":[0,0],"15":[0,0],"16":[0,0],"17":[0,0],"18":[0,0],"19":[0,0],"20":[0,0],"21":[0,0],"22":[0,0],"23":[0,0],"24":[0,0],"25":[0,0],"26":[0,0],"27":[0,0],"28":[0,0],"29":[0,0],"30":[0,0],"31":[0,0],"32":[0,0],"33":[0,0],"34":[0,0],"35":[0,0],"36":[0,0],"37":[0,0],"38":[0,0],"39":[0,0],"40":[0,0],"41":[0,0],"42":[0,0]},"f":{"1":0,"2":0,"3":0,"4":0,"5":0,"6":0,"7":0,"8":0,"9":0,"10":0,"11":0,"12":0,"13":0,"14":0,"15":0,"16":0,"17":0,"18":0,"19":0,"20":0,"21":0,"22":0,"23":0,"24":0,"25":0,"26":0,"27":0,"28":0,"29":0,"30":0,"31":0,"32":0,"33":0,"34":0,"35":0,"36":0,"37":0,"38":0,"39":0,"40":0,"41":0,"42":0,"43":0,"44":0,"45":0,"46":0,"47":0,"48":0,"49":0,"50":0,"51":0,"52":0,"53":0,"54":0,"55":0,"56":0,"57":0,"58":0,"59":0,"60":0,"61":0,"62":0,"63":0,"64":0,"65":0,"66":0,"67":0,"68":0,"69":0,"70":0,"71":0,"72":0,"73":0,"74":0,"75":0,"76":0,"77":0,"78":0,"79":0,"80":0,"81":0,"82":0,"83":0,"84":0,"85":0,"86":0,"87":0,"88":0,"89":0,"90":0,"91":0,"92":0},"fnMap":{"1":{"name":"notFinalized","line":41,"loc":{"start":{"line":41,"column":2},"end":{"line":44,"column":2}}},"2":{"name":"onlySystem","line":49,"loc":{"start":{"line":49,"column":2},"end":{"line":52,"column":2}}},"3":{"name":"onlyOwner","line":57,"loc":{"start":{"line":57,"column":2},"end":{"line":60,"column":2}}},"4":{"name":"onlyBlockReward","line":65,"loc":{"start":{"line":65,"column":2},"end":{"line":68,"column":2}}},"5":{"name":"onlyValidator","line":73,"loc":{"start":{"line":73,"column":2},"end":{"line":76,"column":2}}},"6":{"name":"onlyJailedValidator","line":81,"loc":{"start":{"line":81,"column":2},"end":{"line":84,"column":2}}},"7":{"name":"_delegate","line":102,"loc":{"start":{"line":102,"column":2},"end":{"line":124,"column":2}}},"8":{"name":"_withdraw","line":126,"loc":{"start":{"line":126,"column":2},"end":{"line":156,"column":2}}},"9":{"name":"_setSystemAddress","line":158,"loc":{"start":{"line":158,"column":2},"end":{"line":160,"column":2}}},"10":{"name":"setProxyStorage","line":162,"loc":{"start":{"line":162,"column":2},"end":{"line":167,"column":2}}},"11":{"name":"getProxyStorage","line":169,"loc":{"start":{"line":169,"column":2},"end":{"line":171,"column":2}}},"12":{"name":"_setFinalized","line":173,"loc":{"start":{"line":173,"column":2},"end":{"line":175,"column":2}}},"13":{"name":"isFinalized","line":177,"loc":{"start":{"line":177,"column":2},"end":{"line":179,"column":2}}},"14":{"name":"getMaxValidators","line":184,"loc":{"start":{"line":184,"column":2},"end":{"line":186,"column":2}}},"15":{"name":"getMinStake","line":191,"loc":{"start":{"line":191,"column":2},"end":{"line":193,"column":2}}},"16":{"name":"getMaxStake","line":198,"loc":{"start":{"line":198,"column":2},"end":{"line":200,"column":2}}},"17":{"name":"getMinValidatorFee","line":206,"loc":{"start":{"line":206,"column":2},"end":{"line":208,"column":2}}},"18":{"name":"getCycleDurationBlocks","line":215,"loc":{"start":{"line":215,"column":2},"end":{"line":217,"column":2}}},"19":{"name":"_setCurrentCycle","line":219,"loc":{"start":{"line":219,"column":2},"end":{"line":222,"column":2}}},"20":{"name":"_checkJail","line":224,"loc":{"start":{"line":224,"column":2},"end":{"line":237,"column":2}}},"21":{"name":"_removeFromJail","line":239,"loc":{"start":{"line":239,"column":2},"end":{"line":244,"column":2}}},"22":{"name":"getCurrentCycleStartBlock","line":246,"loc":{"start":{"line":246,"column":2},"end":{"line":248,"column":2}}},"23":{"name":"getCurrentCycleEndBlock","line":250,"loc":{"start":{"line":250,"column":2},"end":{"line":252,"column":2}}},"24":{"name":"getReleaseBlock","line":254,"loc":{"start":{"line":254,"column":2},"end":{"line":256,"column":2}}},"25":{"name":"getSnapshotsPerCycle","line":261,"loc":{"start":{"line":261,"column":2},"end":{"line":263,"column":2}}},"26":{"name":"_setLastSnapshotTakenAtBlock","line":265,"loc":{"start":{"line":265,"column":2},"end":{"line":267,"column":2}}},"27":{"name":"getLastSnapshotTakenAtBlock","line":269,"loc":{"start":{"line":269,"column":2},"end":{"line":271,"column":2}}},"28":{"name":"_setNextSnapshotId","line":273,"loc":{"start":{"line":273,"column":2},"end":{"line":275,"column":2}}},"29":{"name":"getNextSnapshotId","line":277,"loc":{"start":{"line":277,"column":2},"end":{"line":279,"column":2}}},"30":{"name":"_setSnapshot","line":281,"loc":{"start":{"line":281,"column":2},"end":{"line":295,"column":2}}},"31":{"name":"_setSnapshotAddresses","line":297,"loc":{"start":{"line":297,"column":2},"end":{"line":299,"column":2}}},"32":{"name":"getSnapshotAddresses","line":301,"loc":{"start":{"line":301,"column":2},"end":{"line":303,"column":2}}},"33":{"name":"currentValidators","line":305,"loc":{"start":{"line":305,"column":2},"end":{"line":307,"column":2}}},"34":{"name":"currentValidatorsLength","line":309,"loc":{"start":{"line":309,"column":2},"end":{"line":311,"column":2}}},"35":{"name":"jailedValidatorsLength","line":313,"loc":{"start":{"line":313,"column":2},"end":{"line":315,"column":2}}},"36":{"name":"currentValidatorsAtPosition","line":317,"loc":{"start":{"line":317,"column":2},"end":{"line":319,"column":2}}},"37":{"name":"jailedValidatorsAtPosition","line":321,"loc":{"start":{"line":321,"column":2},"end":{"line":323,"column":2}}},"38":{"name":"isValidator","line":325,"loc":{"start":{"line":325,"column":2},"end":{"line":332,"column":2}}},"39":{"name":"isJailed","line":334,"loc":{"start":{"line":334,"column":2},"end":{"line":341,"column":2}}},"40":{"name":"requiredSignatures","line":343,"loc":{"start":{"line":343,"column":2},"end":{"line":345,"column":2}}},"41":{"name":"_currentValidatorsAdd","line":347,"loc":{"start":{"line":347,"column":2},"end":{"line":349,"column":2}}},"42":{"name":"_setCurrentValidators","line":351,"loc":{"start":{"line":351,"column":2},"end":{"line":366,"column":2}}},"43":{"name":"pendingValidators","line":368,"loc":{"start":{"line":368,"column":2},"end":{"line":370,"column":2}}},"44":{"name":"pendingValidatorsLength","line":372,"loc":{"start":{"line":372,"column":2},"end":{"line":374,"column":2}}},"45":{"name":"pendingValidatorsAtPosition","line":376,"loc":{"start":{"line":376,"column":2},"end":{"line":378,"column":2}}},"46":{"name":"jailedValidators","line":380,"loc":{"start":{"line":380,"column":2},"end":{"line":382,"column":2}}},"47":{"name":"isPendingValidator","line":384,"loc":{"start":{"line":384,"column":2},"end":{"line":391,"column":2}}},"48":{"name":"_jailValidator","line":393,"loc":{"start":{"line":393,"column":2},"end":{"line":401,"column":2}}},"49":{"name":"_maintenance","line":403,"loc":{"start":{"line":403,"column":2},"end":{"line":406,"column":2}}},"50":{"name":"_setPendingValidatorsAtPosition","line":408,"loc":{"start":{"line":408,"column":2},"end":{"line":410,"column":2}}},"51":{"name":"_setJailedValidatorsAtPosition","line":412,"loc":{"start":{"line":412,"column":2},"end":{"line":414,"column":2}}},"52":{"name":"_pendingValidatorsAdd","line":416,"loc":{"start":{"line":416,"column":2},"end":{"line":419,"column":2}}},"53":{"name":"_addJailedValidator","line":421,"loc":{"start":{"line":421,"column":2},"end":{"line":423,"column":2}}},"54":{"name":"_jailedValidatorRemove","line":425,"loc":{"start":{"line":425,"column":2},"end":{"line":449,"column":2}}},"55":{"name":"_pendingValidatorsRemove","line":451,"loc":{"start":{"line":451,"column":2},"end":{"line":471,"column":2}}},"56":{"name":"stakeAmount","line":473,"loc":{"start":{"line":473,"column":2},"end":{"line":475,"column":2}}},"57":{"name":"totalStakeAmount","line":477,"loc":{"start":{"line":477,"column":2},"end":{"line":479,"column":2}}},"58":{"name":"_stakeAmountAdd","line":481,"loc":{"start":{"line":481,"column":2},"end":{"line":483,"column":2}}},"59":{"name":"_stakeAmountSub","line":485,"loc":{"start":{"line":485,"column":2},"end":{"line":487,"column":2}}},"60":{"name":"_setJailRelease","line":489,"loc":{"start":{"line":489,"column":2},"end":{"line":497,"column":2}}},"61":{"name":"_resetStrikes","line":499,"loc":{"start":{"line":499,"column":2},"end":{"line":501,"column":2}}},"62":{"name":"delegatedAmount","line":503,"loc":{"start":{"line":503,"column":2},"end":{"line":505,"column":2}}},"63":{"name":"_delegatedAmountAdd","line":507,"loc":{"start":{"line":507,"column":2},"end":{"line":512,"column":2}}},"64":{"name":"_delegatedAmountSub","line":514,"loc":{"start":{"line":514,"column":2},"end":{"line":519,"column":2}}},"65":{"name":"delegators","line":521,"loc":{"start":{"line":521,"column":2},"end":{"line":523,"column":2}}},"66":{"name":"delegatorsLength","line":525,"loc":{"start":{"line":525,"column":2},"end":{"line":527,"column":2}}},"67":{"name":"delegatorsAtPosition","line":529,"loc":{"start":{"line":529,"column":2},"end":{"line":531,"column":2}}},"68":{"name":"blockCounter","line":533,"loc":{"start":{"line":533,"column":2},"end":{"line":535,"column":2}}},"69":{"name":"isDelegator","line":537,"loc":{"start":{"line":537,"column":2},"end":{"line":544,"column":2}}},"70":{"name":"_setDelegatorsAtPosition","line":546,"loc":{"start":{"line":546,"column":2},"end":{"line":548,"column":2}}},"71":{"name":"_delegatorsAdd","line":550,"loc":{"start":{"line":550,"column":2},"end":{"line":552,"column":2}}},"72":{"name":"_delegatorsRemove","line":554,"loc":{"start":{"line":554,"column":2},"end":{"line":573,"column":2}}},"73":{"name":"getDelegatorsForRewardDistribution","line":575,"loc":{"start":{"line":575,"column":2},"end":{"line":586,"column":2}}},"74":{"name":"newValidatorSet","line":588,"loc":{"start":{"line":588,"column":2},"end":{"line":590,"column":2}}},"75":{"name":"newValidatorSetLength","line":592,"loc":{"start":{"line":592,"column":2},"end":{"line":594,"column":2}}},"76":{"name":"_setNewValidatorSet","line":596,"loc":{"start":{"line":596,"column":2},"end":{"line":598,"column":2}}},"77":{"name":"_setTotalStakeAmount","line":600,"loc":{"start":{"line":600,"column":2},"end":{"line":602,"column":2}}},"78":{"name":"_totalStakeAmountAdd","line":604,"loc":{"start":{"line":604,"column":2},"end":{"line":606,"column":2}}},"79":{"name":"_totalStakeAmountSub","line":608,"loc":{"start":{"line":608,"column":2},"end":{"line":610,"column":2}}},"80":{"name":"shouldEmitInitiateChange","line":612,"loc":{"start":{"line":612,"column":2},"end":{"line":614,"column":2}}},"81":{"name":"_setShouldEmitInitiateChange","line":616,"loc":{"start":{"line":616,"column":2},"end":{"line":618,"column":2}}},"82":{"name":"_hasCycleEnded","line":620,"loc":{"start":{"line":620,"column":2},"end":{"line":622,"column":2}}},"83":{"name":"_getSeed","line":624,"loc":{"start":{"line":624,"column":2},"end":{"line":626,"column":2}}},"84":{"name":"_getRandom","line":628,"loc":{"start":{"line":628,"column":2},"end":{"line":630,"column":2}}},"85":{"name":"validatorFee","line":632,"loc":{"start":{"line":632,"column":2},"end":{"line":634,"column":2}}},"86":{"name":"_setValidatorFee","line":636,"loc":{"start":{"line":636,"column":2},"end":{"line":638,"column":2}}},"87":{"name":"_incBlockCounter","line":644,"loc":{"start":{"line":644,"column":2},"end":{"line":646,"column":2}}},"88":{"name":"_resetBlockCounter","line":651,"loc":{"start":{"line":651,"column":2},"end":{"line":653,"column":2}}},"89":{"name":"_incStrikeReset","line":659,"loc":{"start":{"line":659,"column":2},"end":{"line":667,"column":2}}},"90":{"name":"_resetStrikeReset","line":672,"loc":{"start":{"line":672,"column":2},"end":{"line":674,"column":2}}},"91":{"name":"getStrikeReset","line":676,"loc":{"start":{"line":676,"column":2},"end":{"line":678,"column":2}}},"92":{"name":"getStrikes","line":680,"loc":{"start":{"line":680,"column":2},"end":{"line":682,"column":2}}}},"statementMap":{"1":{"start":{"line":42,"column":4},"end":{"line":42,"column":26}},"2":{"start":{"line":50,"column":4},"end":{"line":50,"column":56}},"3":{"start":{"line":58,"column":4},"end":{"line":58,"column":47}},"4":{"start":{"line":66,"column":4},"end":{"line":66,"column":74}},"5":{"start":{"line":74,"column":4},"end":{"line":74,"column":35}},"6":{"start":{"line":82,"column":4},"end":{"line":82,"column":32}},"7":{"start":{"line":103,"column":4},"end":{"line":103,"column":33}},"8":{"start":{"line":104,"column":4},"end":{"line":104,"column":24}},"9":{"start":{"line":105,"column":4},"end":{"line":105,"column":36}},"10":{"start":{"line":107,"column":4},"end":{"line":107,"column":52}},"11":{"start":{"line":108,"column":4},"end":{"line":108,"column":39}},"12":{"start":{"line":111,"column":4},"end":{"line":111,"column":52}},"13":{"start":{"line":114,"column":4},"end":{"line":114,"column":4478}},"14":{"start":{"line":115,"column":6},"end":{"line":115,"column":38}},"15":{"start":{"line":116,"column":6},"end":{"line":116,"column":56}},"16":{"start":{"line":120,"column":4},"end":{"line":120,"column":4726}},"17":{"start":{"line":122,"column":6},"end":{"line":122,"column":34}},"18":{"start":{"line":127,"column":4},"end":{"line":127,"column":36}},"19":{"start":{"line":128,"column":4},"end":{"line":128,"column":23}},"20":{"start":{"line":129,"column":4},"end":{"line":129,"column":46}},"21":{"start":{"line":130,"column":4},"end":{"line":130,"column":59}},"22":{"start":{"line":132,"column":4},"end":{"line":132,"column":47}},"23":{"start":{"line":135,"column":4},"end":{"line":135,"column":5299}},"24":{"start":{"line":137,"column":6},"end":{"line":137,"column":41}},"25":{"start":{"line":138,"column":6},"end":{"line":138,"column":12}},"26":{"start":{"line":142,"column":4},"end":{"line":142,"column":52}},"27":{"start":{"line":143,"column":4},"end":{"line":143,"column":39}},"28":{"start":{"line":146,"column":4},"end":{"line":146,"column":5670}},"29":{"start":{"line":148,"column":6},"end":{"line":148,"column":34}},"30":{"start":{"line":152,"column":4},"end":{"line":152,"column":5887}},"31":{"start":{"line":153,"column":6},"end":{"line":153,"column":41}},"32":{"start":{"line":155,"column":4},"end":{"line":155,"column":28}},"33":{"start":{"line":163,"column":4},"end":{"line":163,"column":37}},"34":{"start":{"line":164,"column":4},"end":{"line":164,"column":47}},"35":{"start":{"line":170,"column":4},"end":{"line":170,"column":40}},"36":{"start":{"line":178,"column":4},"end":{"line":178,"column":36}},"37":{"start":{"line":185,"column":4},"end":{"line":185,"column":25}},"38":{"start":{"line":192,"column":4},"end":{"line":192,"column":20}},"39":{"start":{"line":199,"column":4},"end":{"line":199,"column":20}},"40":{"start":{"line":207,"column":4},"end":{"line":207,"column":32}},"41":{"start":{"line":216,"column":4},"end":{"line":216,"column":32}},"42":{"start":{"line":225,"column":4},"end":{"line":225,"column":129}},"43":{"start":{"line":226,"column":4},"end":{"line":226,"column":7913}},"44":{"start":{"line":227,"column":6},"end":{"line":227,"column":7971}},"45":{"start":{"line":229,"column":8},"end":{"line":229,"column":39}},"46":{"start":{"line":230,"column":13},"end":{"line":230,"column":8185}},"47":{"start":{"line":232,"column":8},"end":{"line":232,"column":40}},"48":{"start":{"line":235,"column":6},"end":{"line":235,"column":41}},"49":{"start":{"line":240,"column":4},"end":{"line":240,"column":37}},"50":{"start":{"line":241,"column":4},"end":{"line":241,"column":8546}},"51":{"start":{"line":242,"column":6},"end":{"line":242,"column":38}},"52":{"start":{"line":247,"column":4},"end":{"line":247,"column":49}},"53":{"start":{"line":251,"column":4},"end":{"line":251,"column":47}},"54":{"start":{"line":255,"column":4},"end":{"line":255,"column":79}},"55":{"start":{"line":262,"column":4},"end":{"line":262,"column":30}},"56":{"start":{"line":270,"column":4},"end":{"line":270,"column":52}},"57":{"start":{"line":278,"column":4},"end":{"line":278,"column":40}},"58":{"start":{"line":282,"column":4},"end":{"line":282,"column":35}},"59":{"start":{"line":283,"column":4},"end":{"line":283,"column":49}},"60":{"start":{"line":284,"column":4},"end":{"line":284,"column":47}},"61":{"start":{"line":285,"column":4},"end":{"line":285,"column":29}},"62":{"start":{"line":286,"column":4},"end":{"line":286,"column":9999}},"63":{"start":{"line":287,"column":6},"end":{"line":287,"column":28}},"64":{"start":{"line":294,"column":4},"end":{"line":294,"column":46}},"65":{"start":{"line":302,"column":4},"end":{"line":302,"column":97}},"66":{"start":{"line":306,"column":4},"end":{"line":306,"column":50}},"67":{"start":{"line":310,"column":4},"end":{"line":310,"column":57}},"68":{"start":{"line":314,"column":4},"end":{"line":314,"column":56}},"69":{"start":{"line":318,"column":4},"end":{"line":318,"column":54}},"70":{"start":{"line":322,"column":4},"end":{"line":322,"column":53}},"71":{"start":{"line":326,"column":4},"end":{"line":326,"column":11431}},"72":{"start":{"line":327,"column":6},"end":{"line":327,"column":11493}},"73":{"start":{"line":328,"column":8},"end":{"line":328,"column":19}},"74":{"start":{"line":331,"column":4},"end":{"line":331,"column":16}},"75":{"start":{"line":335,"column":4},"end":{"line":335,"column":11669}},"76":{"start":{"line":336,"column":6},"end":{"line":336,"column":11730}},"77":{"start":{"line":337,"column":8},"end":{"line":337,"column":19}},"78":{"start":{"line":340,"column":4},"end":{"line":340,"column":16}},"79":{"start":{"line":344,"column":4},"end":{"line":344,"column":50}},"80":{"start":{"line":348,"column":4},"end":{"line":348,"column":57}},"81":{"start":{"line":352,"column":4},"end":{"line":352,"column":26}},"82":{"start":{"line":353,"column":4},"end":{"line":353,"column":12188}},"83":{"start":{"line":354,"column":6},"end":{"line":354,"column":63}},"84":{"start":{"line":359,"column":6},"end":{"line":359,"column":62}},"85":{"start":{"line":360,"column":6},"end":{"line":360,"column":12557}},"86":{"start":{"line":361,"column":8},"end":{"line":361,"column":69}},"87":{"start":{"line":364,"column":4},"end":{"line":364,"column":35}},"88":{"start":{"line":369,"column":4},"end":{"line":369,"column":50}},"89":{"start":{"line":373,"column":4},"end":{"line":373,"column":57}},"90":{"start":{"line":377,"column":4},"end":{"line":377,"column":54}},"91":{"start":{"line":381,"column":4},"end":{"line":381,"column":49}},"92":{"start":{"line":385,"column":4},"end":{"line":385,"column":13389}},"93":{"start":{"line":386,"column":6},"end":{"line":386,"column":13451}},"94":{"start":{"line":387,"column":8},"end":{"line":387,"column":19}},"95":{"start":{"line":390,"column":4},"end":{"line":390,"column":16}},"96":{"start":{"line":394,"column":4},"end":{"line":394,"column":13616}},"97":{"start":{"line":396,"column":6},"end":{"line":396,"column":39}},"98":{"start":{"line":397,"column":6},"end":{"line":397,"column":34}},"99":{"start":{"line":398,"column":6},"end":{"line":398,"column":30}},"100":{"start":{"line":399,"column":6},"end":{"line":399,"column":32}},"101":{"start":{"line":404,"column":4},"end":{"line":404,"column":37}},"102":{"start":{"line":405,"column":4},"end":{"line":405,"column":32}},"103":{"start":{"line":417,"column":4},"end":{"line":417,"column":39}},"104":{"start":{"line":418,"column":4},"end":{"line":418,"column":57}},"105":{"start":{"line":422,"column":4},"end":{"line":422,"column":56}},"106":{"start":{"line":426,"column":4},"end":{"line":426,"column":22}},"107":{"start":{"line":427,"column":4},"end":{"line":427,"column":23}},"108":{"start":{"line":452,"column":4},"end":{"line":452,"column":22}},"109":{"start":{"line":453,"column":4},"end":{"line":453,"column":23}},"110":{"start":{"line":454,"column":4},"end":{"line":454,"column":15488}},"111":{"start":{"line":455,"column":6},"end":{"line":455,"column":15550}},"112":{"start":{"line":461,"column":4},"end":{"line":461,"column":15678}},"113":{"start":{"line":462,"column":6},"end":{"line":462,"column":55}},"114":{"start":{"line":463,"column":6},"end":{"line":463,"column":68}},"115":{"start":{"line":464,"column":6},"end":{"line":464,"column":15826}},"116":{"start":{"line":465,"column":8},"end":{"line":465,"column":66}},"117":{"start":{"line":474,"column":4},"end":{"line":474,"column":76}},"118":{"start":{"line":478,"column":4},"end":{"line":478,"column":42}},"119":{"start":{"line":490,"column":4},"end":{"line":490,"column":86}},"120":{"start":{"line":494,"column":4},"end":{"line":494,"column":17339}},"121":{"start":{"line":504,"column":4},"end":{"line":504,"column":92}},"122":{"start":{"line":509,"column":4},"end":{"line":509,"column":18084}},"123":{"start":{"line":510,"column":6},"end":{"line":510,"column":41}},"124":{"start":{"line":516,"column":4},"end":{"line":516,"column":18492}},"125":{"start":{"line":517,"column":6},"end":{"line":517,"column":44}},"126":{"start":{"line":522,"column":4},"end":{"line":522,"column":85}},"127":{"start":{"line":526,"column":4},"end":{"line":526,"column":92}},"128":{"start":{"line":530,"column":4},"end":{"line":530,"column":89}},"129":{"start":{"line":534,"column":4},"end":{"line":534,"column":79}},"130":{"start":{"line":538,"column":4},"end":{"line":538,"column":19434}},"131":{"start":{"line":539,"column":6},"end":{"line":539,"column":19499}},"132":{"start":{"line":540,"column":8},"end":{"line":540,"column":19}},"133":{"start":{"line":543,"column":4},"end":{"line":543,"column":16}},"134":{"start":{"line":551,"column":4},"end":{"line":551,"column":92}},"135":{"start":{"line":555,"column":4},"end":{"line":555,"column":22}},"136":{"start":{"line":556,"column":4},"end":{"line":556,"column":23}},"137":{"start":{"line":557,"column":4},"end":{"line":557,"column":20113}},"138":{"start":{"line":558,"column":6},"end":{"line":558,"column":20178}},"139":{"start":{"line":564,"column":4},"end":{"line":564,"column":20311}},"140":{"start":{"line":565,"column":6},"end":{"line":565,"column":58}},"141":{"start":{"line":566,"column":6},"end":{"line":566,"column":73}},"142":{"start":{"line":567,"column":6},"end":{"line":567,"column":20467}},"143":{"start":{"line":568,"column":8},"end":{"line":568,"column":71}},"144":{"start":{"line":576,"column":4},"end":{"line":576,"column":57}},"145":{"start":{"line":577,"column":4},"end":{"line":577,"column":65}},"146":{"start":{"line":578,"column":4},"end":{"line":578,"column":70}},"147":{"start":{"line":580,"column":4},"end":{"line":580,"column":21120}},"148":{"start":{"line":581,"column":6},"end":{"line":581,"column":88}},"149":{"start":{"line":585,"column":4},"end":{"line":585,"column":34}},"150":{"start":{"line":589,"column":4},"end":{"line":589,"column":49}},"151":{"start":{"line":593,"column":4},"end":{"line":593,"column":56}},"152":{"start":{"line":613,"column":4},"end":{"line":613,"column":51}},"153":{"start":{"line":621,"column":4},"end":{"line":621,"column":54}},"154":{"start":{"line":625,"column":4},"end":{"line":625,"column":76}},"155":{"start":{"line":629,"column":4},"end":{"line":629,"column":52}},"156":{"start":{"line":633,"column":4},"end":{"line":633,"column":79}},"157":{"start":{"line":661,"column":4},"end":{"line":661,"column":24327}},"158":{"start":{"line":664,"column":6},"end":{"line":664,"column":34}},"159":{"start":{"line":665,"column":6},"end":{"line":665,"column":30}},"160":{"start":{"line":677,"column":4},"end":{"line":677,"column":78}},"161":{"start":{"line":681,"column":4},"end":{"line":681,"column":78}}},"branchMap":{"1":{"line":42,"type":"if","locations":[{"start":{"line":42,"column":4},"end":{"line":42,"column":4}},{"start":{"line":42,"column":4},"end":{"line":42,"column":4}}]},"2":{"line":50,"type":"if","locations":[{"start":{"line":50,"column":4},"end":{"line":50,"column":4}},{"start":{"line":50,"column":4},"end":{"line":50,"column":4}}]},"3":{"line":58,"type":"if","locations":[{"start":{"line":58,"column":4},"end":{"line":58,"column":4}},{"start":{"line":58,"column":4},"end":{"line":58,"column":4}}]},"4":{"line":66,"type":"if","locations":[{"start":{"line":66,"column":4},"end":{"line":66,"column":4}},{"start":{"line":66,"column":4},"end":{"line":66,"column":4}}]},"5":{"line":74,"type":"if","locations":[{"start":{"line":74,"column":4},"end":{"line":74,"column":4}},{"start":{"line":74,"column":4},"end":{"line":74,"column":4}}]},"6":{"line":82,"type":"if","locations":[{"start":{"line":82,"column":4},"end":{"line":82,"column":4}},{"start":{"line":82,"column":4},"end":{"line":82,"column":4}}]},"7":{"line":103,"type":"if","locations":[{"start":{"line":103,"column":4},"end":{"line":103,"column":4}},{"start":{"line":103,"column":4},"end":{"line":103,"column":4}}]},"8":{"line":104,"type":"if","locations":[{"start":{"line":104,"column":4},"end":{"line":104,"column":4}},{"start":{"line":104,"column":4},"end":{"line":104,"column":4}}]},"9":{"line":105,"type":"if","locations":[{"start":{"line":105,"column":4},"end":{"line":105,"column":4}},{"start":{"line":105,"column":4},"end":{"line":105,"column":4}}]},"10":{"line":111,"type":"if","locations":[{"start":{"line":111,"column":4},"end":{"line":111,"column":4}},{"start":{"line":111,"column":4},"end":{"line":111,"column":4}}]},"11":{"line":114,"type":"if","locations":[{"start":{"line":114,"column":4},"end":{"line":114,"column":4}},{"start":{"line":114,"column":4},"end":{"line":114,"column":4}}]},"12":{"line":120,"type":"if","locations":[{"start":{"line":120,"column":4},"end":{"line":120,"column":4}},{"start":{"line":120,"column":4},"end":{"line":120,"column":4}}]},"13":{"line":127,"type":"if","locations":[{"start":{"line":127,"column":4},"end":{"line":127,"column":4}},{"start":{"line":127,"column":4},"end":{"line":127,"column":4}}]},"14":{"line":128,"type":"if","locations":[{"start":{"line":128,"column":4},"end":{"line":128,"column":4}},{"start":{"line":128,"column":4},"end":{"line":128,"column":4}}]},"15":{"line":129,"type":"if","locations":[{"start":{"line":129,"column":4},"end":{"line":129,"column":4}},{"start":{"line":129,"column":4},"end":{"line":129,"column":4}}]},"16":{"line":130,"type":"if","locations":[{"start":{"line":130,"column":4},"end":{"line":130,"column":4}},{"start":{"line":130,"column":4},"end":{"line":130,"column":4}}]},"17":{"line":135,"type":"if","locations":[{"start":{"line":135,"column":4},"end":{"line":135,"column":4}},{"start":{"line":135,"column":4},"end":{"line":135,"column":4}}]},"18":{"line":146,"type":"if","locations":[{"start":{"line":146,"column":4},"end":{"line":146,"column":4}},{"start":{"line":146,"column":4},"end":{"line":146,"column":4}}]},"19":{"line":152,"type":"if","locations":[{"start":{"line":152,"column":4},"end":{"line":152,"column":4}},{"start":{"line":152,"column":4},"end":{"line":152,"column":4}}]},"20":{"line":162,"type":"if","locations":[{"start":{"line":162,"column":57},"end":{"line":162,"column":57}},{"start":{"line":162,"column":57},"end":{"line":162,"column":57}}]},"21":{"line":163,"type":"if","locations":[{"start":{"line":163,"column":4},"end":{"line":163,"column":4}},{"start":{"line":163,"column":4},"end":{"line":163,"column":4}}]},"22":{"line":164,"type":"if","locations":[{"start":{"line":164,"column":4},"end":{"line":164,"column":4}},{"start":{"line":164,"column":4},"end":{"line":164,"column":4}}]},"23":{"line":227,"type":"if","locations":[{"start":{"line":227,"column":6},"end":{"line":227,"column":6}},{"start":{"line":227,"column":6},"end":{"line":227,"column":6}}]},"24":{"line":230,"type":"if","locations":[{"start":{"line":230,"column":13},"end":{"line":230,"column":13}},{"start":{"line":230,"column":13},"end":{"line":230,"column":13}}]},"25":{"line":241,"type":"if","locations":[{"start":{"line":241,"column":4},"end":{"line":241,"column":4}},{"start":{"line":241,"column":4},"end":{"line":241,"column":4}}]},"26":{"line":327,"type":"if","locations":[{"start":{"line":327,"column":6},"end":{"line":327,"column":6}},{"start":{"line":327,"column":6},"end":{"line":327,"column":6}}]},"27":{"line":336,"type":"if","locations":[{"start":{"line":336,"column":6},"end":{"line":336,"column":6}},{"start":{"line":336,"column":6},"end":{"line":336,"column":6}}]},"28":{"line":360,"type":"if","locations":[{"start":{"line":360,"column":6},"end":{"line":360,"column":6}},{"start":{"line":360,"column":6},"end":{"line":360,"column":6}}]},"29":{"line":386,"type":"if","locations":[{"start":{"line":386,"column":6},"end":{"line":386,"column":6}},{"start":{"line":386,"column":6},"end":{"line":386,"column":6}}]},"30":{"line":394,"type":"if","locations":[{"start":{"line":394,"column":4},"end":{"line":394,"column":4}},{"start":{"line":394,"column":4},"end":{"line":394,"column":4}}]},"31":{"line":417,"type":"if","locations":[{"start":{"line":417,"column":4},"end":{"line":417,"column":4}},{"start":{"line":417,"column":4},"end":{"line":417,"column":4}}]},"32":{"line":455,"type":"if","locations":[{"start":{"line":455,"column":6},"end":{"line":455,"column":6}},{"start":{"line":455,"column":6},"end":{"line":455,"column":6}}]},"33":{"line":461,"type":"if","locations":[{"start":{"line":461,"column":4},"end":{"line":461,"column":4}},{"start":{"line":461,"column":4},"end":{"line":461,"column":4}}]},"34":{"line":464,"type":"if","locations":[{"start":{"line":464,"column":6},"end":{"line":464,"column":6}},{"start":{"line":464,"column":6},"end":{"line":464,"column":6}}]},"35":{"line":494,"type":"if","locations":[{"start":{"line":494,"column":4},"end":{"line":494,"column":4}},{"start":{"line":494,"column":4},"end":{"line":494,"column":4}}]},"36":{"line":509,"type":"if","locations":[{"start":{"line":509,"column":4},"end":{"line":509,"column":4}},{"start":{"line":509,"column":4},"end":{"line":509,"column":4}}]},"37":{"line":516,"type":"if","locations":[{"start":{"line":516,"column":4},"end":{"line":516,"column":4}},{"start":{"line":516,"column":4},"end":{"line":516,"column":4}}]},"38":{"line":539,"type":"if","locations":[{"start":{"line":539,"column":6},"end":{"line":539,"column":6}},{"start":{"line":539,"column":6},"end":{"line":539,"column":6}}]},"39":{"line":558,"type":"if","locations":[{"start":{"line":558,"column":6},"end":{"line":558,"column":6}},{"start":{"line":558,"column":6},"end":{"line":558,"column":6}}]},"40":{"line":564,"type":"if","locations":[{"start":{"line":564,"column":4},"end":{"line":564,"column":4}},{"start":{"line":564,"column":4},"end":{"line":564,"column":4}}]},"41":{"line":567,"type":"if","locations":[{"start":{"line":567,"column":6},"end":{"line":567,"column":6}},{"start":{"line":567,"column":6},"end":{"line":567,"column":6}}]},"42":{"line":661,"type":"if","locations":[{"start":{"line":661,"column":4},"end":{"line":661,"column":4}},{"start":{"line":661,"column":4},"end":{"line":661,"column":4}}]}}},
"contracts/eternal-storage/EternalStorage.sol":{"l":{"33":0,"37":0},"path":"/Users/heshamshabanah/gr8h/Repos/fuse/fuse-network/contracts/eternal-storage/EternalStorage.sol","s":{"1":0},"b":{},"f":{"1":0,"2":0},"fnMap":{"1":{"name":"isInitialized","line":32,"loc":{"start":{"line":32,"column":4},"end":{"line":34,"column":4}}},"2":{"name":"setInitialized","line":36,"loc":{"start":{"line":36,"column":4},"end":{"line":38,"column":4}}}},"statementMap":{"1":{"start":{"line":33,"column":6},"end":{"line":33,"column":70}}},"branchMap":{}},
"contracts/eternal-storage/EternalStorageProxy.sol":{"l":{"36":0,"37":0,"44":0,"45":0,"54":0,"55":0,"56":0,"58":0,"60":0,"61":0,"70":0,"71":0,"73":0,"99":0,"100":0,"101":0,"102":0,"103":0,"104":0,"105":0,"112":0,"113":0,"121":0,"122":0,"123":0,"127":0,"131":0,"135":0,"139":0,"143":0,"147":0,"151":0,"155":0},"path":"/Users/heshamshabanah/gr8h/Repos/fuse/fuse-network/contracts/eternal-storage/EternalStorageProxy.sol","s":{"1":0,"2":0,"3":0,"4":0,"5":0,"6":0,"7":0,"8":0,"9":0,"10":0,"11":0,"12":0,"13":0,"14":0,"15":0,"16":0,"17":0,"18":0,"19":0,"20":0,"21":0,"22":0,"23":0,"24":0,"25":0,"26":0,"27":0,"28":0},"b":{"1":[0,0],"2":[0,0],"3":[0,0],"4":[0,0],"5":[0,0],"6":[0,0],"7":[0,0],"8":[0,0],"9":[0,0],"10":[0,0],"11":[0,0]},"f":{"1":0,"2":0,"3":0,"4":0,"5":0,"6":0,"7":0,"8":0,"9":0,"10":0,"11":0,"12":0,"13":0,"14":0,"15":0},"fnMap":{"1":{"name":"onlyProxyStorage","line":35,"loc":{"start":{"line":35,"column":4},"end":{"line":38,"column":4}}},"2":{"name":"onlyOwner","line":43,"loc":{"start":{"line":43,"column":4},"end":{"line":46,"column":4}}},"3":{"name":"constructor","line":53,"loc":{"start":{"line":53,"column":4},"end":{"line":62,"column":4}}},"4":{"name":"","line":69,"loc":{"start":{"line":69,"column":4},"end":{"line":91,"column":4}}},"5":{"name":"upgradeTo","line":98,"loc":{"start":{"line":98,"column":4},"end":{"line":106,"column":4}}},"6":{"name":"renounceOwnership","line":111,"loc":{"start":{"line":111,"column":4},"end":{"line":114,"column":4}}},"7":{"name":"transferOwnership","line":120,"loc":{"start":{"line":120,"column":4},"end":{"line":124,"column":4}}},"8":{"name":"getOwner","line":126,"loc":{"start":{"line":126,"column":4},"end":{"line":128,"column":4}}},"9":{"name":"_setOwner","line":130,"loc":{"start":{"line":130,"column":4},"end":{"line":132,"column":4}}},"10":{"name":"getVersion","line":134,"loc":{"start":{"line":134,"column":4},"end":{"line":136,"column":4}}},"11":{"name":"_setVersion","line":138,"loc":{"start":{"line":138,"column":4},"end":{"line":140,"column":4}}},"12":{"name":"getImplementation","line":142,"loc":{"start":{"line":142,"column":4},"end":{"line":144,"column":4}}},"13":{"name":"_setImplementation","line":146,"loc":{"start":{"line":146,"column":4},"end":{"line":148,"column":4}}},"14":{"name":"getProxyStorage","line":150,"loc":{"start":{"line":150,"column":4},"end":{"line":152,"column":4}}},"15":{"name":"_setProxyStorage","line":154,"loc":{"start":{"line":154,"column":4},"end":{"line":156,"column":4}}}},"statementMap":{"1":{"start":{"line":36,"column":6},"end":{"line":36,"column":45}},"2":{"start":{"line":44,"column":6},"end":{"line":44,"column":38}},"3":{"start":{"line":54,"column":6},"end":{"line":54,"column":43}},"4":{"start":{"line":55,"column":6},"end":{"line":55,"column":1968}},"5":{"start":{"line":56,"column":8},"end":{"line":56,"column":38}},"6":{"start":{"line":58,"column":8},"end":{"line":58,"column":38}},"7":{"start":{"line":60,"column":6},"end":{"line":60,"column":40}},"8":{"start":{"line":61,"column":6},"end":{"line":61,"column":26}},"9":{"start":{"line":70,"column":6},"end":{"line":70,"column":41}},"10":{"start":{"line":71,"column":6},"end":{"line":71,"column":33}},"11":{"start":{"line":99,"column":6},"end":{"line":99,"column":56}},"12":{"start":{"line":99,"column":44},"end":{"line":99,"column":56}},"13":{"start":{"line":100,"column":6},"end":{"line":100,"column":65}},"14":{"start":{"line":100,"column":53},"end":{"line":100,"column":65}},"15":{"start":{"line":101,"column":6},"end":{"line":101,"column":44}},"16":{"start":{"line":102,"column":6},"end":{"line":102,"column":29}},"17":{"start":{"line":103,"column":6},"end":{"line":103,"column":43}},"18":{"start":{"line":104,"column":6},"end":{"line":104,"column":52}},"19":{"start":{"line":105,"column":6},"end":{"line":105,"column":17}},"20":{"start":{"line":112,"column":6},"end":{"line":112,"column":41}},"21":{"start":{"line":113,"column":6},"end":{"line":113,"column":26}},"22":{"start":{"line":121,"column":6},"end":{"line":121,"column":37}},"23":{"start":{"line":122,"column":6},"end":{"line":122,"column":54}},"24":{"start":{"line":123,"column":6},"end":{"line":123,"column":25}},"25":{"start":{"line":127,"column":6},"end":{"line":127,"column":65}},"26":{"start":{"line":135,"column":6},"end":{"line":135,"column":20}},"27":{"start":{"line":143,"column":6},"end":{"line":143,"column":27}},"28":{"start":{"line":151,"column":6},"end":{"line":151,"column":72}}},"branchMap":{"1":{"line":36,"type":"if","locations":[{"start":{"line":36,"column":6},"end":{"line":36,"column":6}},{"start":{"line":36,"column":6},"end":{"line":36,"column":6}}]},"2":{"line":44,"type":"if","locations":[{"start":{"line":44,"column":6},"end":{"line":44,"column":6}},{"start":{"line":44,"column":6},"end":{"line":44,"column":6}}]},"3":{"line":54,"type":"if","locations":[{"start":{"line":54,"column":6},"end":{"line":54,"column":6}},{"start":{"line":54,"column":6},"end":{"line":54,"column":6}}]},"4":{"line":55,"type":"if","locations":[{"start":{"line":55,"column":6},"end":{"line":55,"column":6}},{"start":{"line":55,"column":6},"end":{"line":55,"column":6}}]},"5":{"line":71,"type":"if","locations":[{"start":{"line":71,"column":6},"end":{"line":71,"column":6}},{"start":{"line":71,"column":6},"end":{"line":71,"column":6}}]},"6":{"line":98,"type":"if","locations":[{"start":{"line":98,"column":58},"end":{"line":98,"column":58}},{"start":{"line":98,"column":58},"end":{"line":98,"column":58}}]},"7":{"line":99,"type":"if","locations":[{"start":{"line":99,"column":6},"end":{"line":99,"column":6}},{"start":{"line":99,"column":6},"end":{"line":99,"column":6}}]},"8":{"line":100,"type":"if","locations":[{"start":{"line":100,"column":6},"end":{"line":100,"column":6}},{"start":{"line":100,"column":6},"end":{"line":100,"column":6}}]},"9":{"line":111,"type":"if","locations":[{"start":{"line":111,"column":40},"end":{"line":111,"column":40}},{"start":{"line":111,"column":40},"end":{"line":111,"column":40}}]},"10":{"line":120,"type":"if","locations":[{"start":{"line":120,"column":57},"end":{"line":120,"column":57}},{"start":{"line":120,"column":57},"end":{"line":120,"column":57}}]},"11":{"line":121,"type":"if","locations":[{"start":{"line":121,"column":6},"end":{"line":121,"column":6}},{"start":{"line":121,"column":6},"end":{"line":121,"column":6}}]}}},
"contracts/interfaces/IBlockReward.sol":{"l":{},"path":"/Users/heshamshabanah/gr8h/Repos/fuse/fuse-network/contracts/interfaces/IBlockReward.sol","s":{},"b":{},"f":{},"fnMap":{},"statementMap":{},"branchMap":{}},
"contracts/interfaces/IConsensus.sol":{"l":{},"path":"/Users/heshamshabanah/gr8h/Repos/fuse/fuse-network/contracts/interfaces/IConsensus.sol","s":{},"b":{},"f":{},"fnMap":{},"statementMap":{},"branchMap":{}},
"contracts/interfaces/IVoting.sol":{"l":{},"path":"/Users/heshamshabanah/gr8h/Repos/fuse/fuse-network/contracts/interfaces/IVoting.sol","s":{},"b":{},"f":{},"fnMap":{},"statementMap":{},"branchMap":{}},
"contracts/Migrations.sol":{"l":{"8":0,"12":0,"16":0,"20":0,"21":0},"path":"/Users/heshamshabanah/gr8h/Repos/fuse/fuse-network/contracts/Migrations.sol","s":{"1":0,"2":0,"3":0},"b":{"1":[0,0],"2":[0,0],"3":[0,0]},"f":{"1":0,"2":0,"3":0,"4":0},"fnMap":{"1":{"name":"restricted","line":7,"loc":{"start":{"line":7,"column":4},"end":{"line":9,"column":4}}},"2":{"name":"constructor","line":11,"loc":{"start":{"line":11,"column":4},"end":{"line":13,"column":4}}},"3":{"name":"setCompleted","line":15,"loc":{"start":{"line":15,"column":4},"end":{"line":17,"column":4}}},"4":{"name":"upgrade","line":19,"loc":{"start":{"line":19,"column":4},"end":{"line":22,"column":4}}}},"statementMap":{"1":{"start":{"line":8,"column":8},"end":{"line":8,"column":34}},"2":{"start":{"line":20,"column":8},"end":{"line":20,"column":52}},"3":{"start":{"line":21,"column":8},"end":{"line":21,"column":54}}},"branchMap":{"1":{"line":8,"type":"if","locations":[{"start":{"line":8,"column":8},"end":{"line":8,"column":8}},{"start":{"line":8,"column":8},"end":{"line":8,"column":8}}]},"2":{"line":15,"type":"if","locations":[{"start":{"line":15,"column":49},"end":{"line":15,"column":49}},{"start":{"line":15,"column":49},"end":{"line":15,"column":49}}]},"3":{"line":19,"type":"if","locations":[{"start":{"line":19,"column":48},"end":{"line":19,"column":48}},{"start":{"line":19,"column":48},"end":{"line":19,"column":48}}]}}},
"contracts/ProxyStorage.sol":{"l":{"45":0,"46":0,"53":0,"54":0,"62":0,"63":0,"64":0,"65":0,"66":0,"73":0,"75":0,"76":0,"78":0,"80":0,"93":0,"94":0,"96":0,"98":0,"99":0,"101":0,"103":0,"105":0,"108":0,"109":0,"111":0,"119":0,"133":0,"137":0,"141":0,"145":0},"path":"/Users/heshamshabanah/gr8h/Repos/fuse/fuse-network/contracts/ProxyStorage.sol","s":{"1":0,"2":0,"3":0,"4":0,"5":0,"6":0,"7":0,"8":0,"9":0,"10":0,"11":0,"12":0,"13":0,"14":0,"15":0,"16":0,"17":0,"18":0,"19":0,"20":0,"21":0,"22":0,"23":0,"24":0,"25":0},"b":{"1":[0,0],"2":[0,0],"3":[0,0],"4":[0,0],"5":[0,0],"6":[0,0],"7":[0,0],"8":[0,0],"9":[0,0],"10":[0,0],"11":[0,0],"12":[0,0],"13":[0,0],"14":[0,0],"15":[0,0],"16":[0,0],"17":[0,0],"18":[0,0],"19":[0,0]},"f":{"1":0,"2":0,"3":0,"4":0,"5":0,"6":0,"7":0,"8":0,"9":0,"10":0},"fnMap":{"1":{"name":"onlyOwner","line":44,"loc":{"start":{"line":44,"column":2},"end":{"line":47,"column":2}}},"2":{"name":"onlyVoting","line":52,"loc":{"start":{"line":52,"column":2},"end":{"line":55,"column":2}}},"3":{"name":"initialize","line":61,"loc":{"start":{"line":61,"column":2},"end":{"line":67,"column":2}}},"4":{"name":"initializeAddresses","line":72,"loc":{"start":{"line":72,"column":2},"end":{"line":85,"column":2}}},"5":{"name":"setContractAddress","line":92,"loc":{"start":{"line":92,"column":2},"end":{"line":112,"column":2}}},"6":{"name":"isValidContractType","line":118,"loc":{"start":{"line":118,"column":2},"end":{"line":124,"column":2}}},"7":{"name":"_setConsensus","line":132,"loc":{"start":{"line":132,"column":2},"end":{"line":134,"column":2}}},"8":{"name":"getConsensus","line":136,"loc":{"start":{"line":136,"column":2},"end":{"line":138,"column":2}}},"9":{"name":"getBlockReward","line":140,"loc":{"start":{"line":140,"column":2},"end":{"line":142,"column":2}}},"10":{"name":"getVoting","line":144,"loc":{"start":{"line":144,"column":2},"end":{"line":146,"column":2}}}},"statementMap":{"1":{"start":{"line":45,"column":4},"end":{"line":45,"column":47}},"2":{"start":{"line":53,"column":4},"end":{"line":53,"column":37}},"3":{"start":{"line":62,"column":4},"end":{"line":62,"column":28}},"4":{"start":{"line":63,"column":4},"end":{"line":63,"column":36}},"5":{"start":{"line":64,"column":4},"end":{"line":64,"column":39}},"6":{"start":{"line":65,"column":4},"end":{"line":65,"column":28}},"7":{"start":{"line":66,"column":4},"end":{"line":66,"column":23}},"8":{"start":{"line":73,"column":4},"end":{"line":73,"column":61}},"9":{"start":{"line":80,"column":4},"end":{"line":80,"column":2185}},"10":{"start":{"line":93,"column":4},"end":{"line":93,"column":38}},"11":{"start":{"line":93,"column":26},"end":{"line":93,"column":38}},"12":{"start":{"line":94,"column":4},"end":{"line":94,"column":52}},"13":{"start":{"line":94,"column":40},"end":{"line":94,"column":52}},"14":{"start":{"line":96,"column":4},"end":{"line":96,"column":24}},"15":{"start":{"line":98,"column":4},"end":{"line":98,"column":2731}},"16":{"start":{"line":100,"column":11},"end":{"line":100,"column":2880}},"17":{"start":{"line":102,"column":11},"end":{"line":102,"column":3033}},"18":{"start":{"line":104,"column":11},"end":{"line":104,"column":3175}},"19":{"start":{"line":108,"column":4},"end":{"line":108,"column":3318}},"20":{"start":{"line":109,"column":6},"end":{"line":109,"column":54}},"21":{"start":{"line":111,"column":4},"end":{"line":111,"column":18}},"22":{"start":{"line":119,"column":4},"end":{"line":119,"column":3699}},"23":{"start":{"line":137,"column":4},"end":{"line":137,"column":36}},"24":{"start":{"line":141,"column":4},"end":{"line":141,"column":39}},"25":{"start":{"line":145,"column":4},"end":{"line":145,"column":33}}},"branchMap":{"1":{"line":45,"type":"if","locations":[{"start":{"line":45,"column":4},"end":{"line":45,"column":4}},{"start":{"line":45,"column":4},"end":{"line":45,"column":4}}]},"2":{"line":53,"type":"if","locations":[{"start":{"line":53,"column":4},"end":{"line":53,"column":4}},{"start":{"line":53,"column":4},"end":{"line":53,"column":4}}]},"3":{"line":61,"type":"if","locations":[{"start":{"line":61,"column":51},"end":{"line":61,"column":51}},{"start":{"line":61,"column":51},"end":{"line":61,"column":51}}]},"4":{"line":62,"type":"if","locations":[{"start":{"line":62,"column":4},"end":{"line":62,"column":4}},{"start":{"line":62,"column":4},"end":{"line":62,"column":4}}]},"5":{"line":63,"type":"if","locations":[{"start":{"line":63,"column":4},"end":{"line":63,"column":4}},{"start":{"line":63,"column":4},"end":{"line":63,"column":4}}]},"6":{"line":64,"type":"if","locations":[{"start":{"line":64,"column":4},"end":{"line":64,"column":4}},{"start":{"line":64,"column":4},"end":{"line":64,"column":4}}]},"7":{"line":72,"type":"if","locations":[{"start":{"line":72,"column":79},"end":{"line":72,"column":79}},{"start":{"line":72,"column":79},"end":{"line":72,"column":79}}]},"8":{"line":73,"type":"if","locations":[{"start":{"line":73,"column":4},"end":{"line":73,"column":4}},{"start":{"line":73,"column":4},"end":{"line":73,"column":4}}]},"9":{"line":92,"type":"if","locations":[{"start":{"line":92,"column":88},"end":{"line":92,"column":88}},{"start":{"line":92,"column":88},"end":{"line":92,"column":88}}]},"10":{"line":93,"type":"if","locations":[{"start":{"line":93,"column":4},"end":{"line":93,"column":4}},{"start":{"line":93,"column":4},"end":{"line":93,"column":4}}]},"11":{"line":94,"type":"if","locations":[{"start":{"line":94,"column":4},"end":{"line":94,"column":4}},{"start":{"line":94,"column":4},"end":{"line":94,"column":4}}]},"12":{"line":98,"type":"if","locations":[{"start":{"line":98,"column":4},"end":{"line":98,"column":4}},{"start":{"line":98,"column":4},"end":{"line":98,"column":4}}]},"13":{"line":100,"type":"if","locations":[{"start":{"line":100,"column":11},"end":{"line":100,"column":11}},{"start":{"line":100,"column":11},"end":{"line":100,"column":11}}]},"14":{"line":102,"type":"if","locations":[{"start":{"line":102,"column":11},"end":{"line":102,"column":11}},{"start":{"line":102,"column":11},"end":{"line":102,"column":11}}]},"15":{"line":104,"type":"if","locations":[{"start":{"line":104,"column":11},"end":{"line":104,"column":11}},{"start":{"line":104,"column":11},"end":{"line":104,"column":11}}]},"16":{"line":108,"type":"if","locations":[{"start":{"line":108,"column":4},"end":{"line":108,"column":4}},{"start":{"line":108,"column":4},"end":{"line":108,"column":4}}]},"17":{"line":120,"type":"cond-expr","locations":[{"start":{"line":120,"column":6},"end":{"line":120,"column":54}},{"start":{"line":121,"column":6},"end":{"line":121,"column":56}}]},"18":{"line":120,"type":"cond-expr","locations":[{"start":{"line":120,"column":6},"end":{"line":121,"column":56}},{"start":{"line":122,"column":6},"end":{"line":122,"column":57}}]},"19":{"line":120,"type":"cond-expr","locations":[{"start":{"line":120,"column":6},"end":{"line":122,"column":57}},{"start":{"line":123,"column":6},"end":{"line":123,"column":51}}]}}},
"contracts/test/BlockRewardMock.sol":{"l":{"7":0,"11":0,"15":0,"19":0,"23":0},"path":"/Users/heshamshabanah/gr8h/Repos/fuse/fuse-network/contracts/test/BlockRewardMock.sol","s":{"1":0,"2":0,"3":0},"b":{"1":[0,0]},"f":{"1":0,"2":0,"3":0,"4":0,"5":0},"fnMap":{"1":{"name":"setSystemAddressMock","line":6,"loc":{"start":{"line":6,"column":2},"end":{"line":8,"column":2}}},"2":{"name":"getSystemAddress","line":10,"loc":{"start":{"line":10,"column":2},"end":{"line":12,"column":2}}},"3":{"name":"getBlocksPerYear","line":14,"loc":{"start":{"line":14,"column":2},"end":{"line":16,"column":2}}},"4":{"name":"setShouldEmitRewardedOnCycleMock","line":18,"loc":{"start":{"line":18,"column":2},"end":{"line":20,"column":2}}},"5":{"name":"cycleMock","line":22,"loc":{"start":{"line":22,"column":2},"end":{"line":24,"column":2}}}},"statementMap":{"1":{"start":{"line":11,"column":4},"end":{"line":11,"column":41}},"2":{"start":{"line":15,"column":4},"end":{"line":15,"column":14}},"3":{"start":{"line":23,"column":4},"end":{"line":23,"column":87}}},"branchMap":{"1":{"line":6,"type":"if","locations":[{"start":{"line":6,"column":60},"end":{"line":6,"column":60}},{"start":{"line":6,"column":60},"end":{"line":6,"column":60}}]}}},
"contracts/test/ConsensusMock.sol":{"l":{"9":0,"13":0,"17":0,"25":0,"33":0,"37":0,"38":0,"43":0,"47":0,"51":0,"55":0,"59":0,"63":0,"67":0,"71":0,"75":0,"76":0,"78":0,"82":0,"83":0,"87":0,"91":0},"path":"/Users/heshamshabanah/gr8h/Repos/fuse/fuse-network/contracts/test/ConsensusMock.sol","s":{"1":0,"2":0,"3":0,"4":0,"5":0,"6":0,"7":0,"8":0,"9":0,"10":0,"11":0,"12":0,"13":0,"14":0,"15":0,"16":0},"b":{"1":[0,0],"2":[0,0],"3":[0,0]},"f":{"1":0,"2":0,"3":0,"4":0,"5":0,"6":0,"7":0,"8":0,"9":0,"10":0,"11":0,"12":0,"13":0,"14":0,"15":0,"16":0,"17":0,"18":0},"fnMap":{"1":{"name":"setSystemAddressMock","line":8,"loc":{"start":{"line":8,"column":2},"end":{"line":10,"column":2}}},"2":{"name":"getSystemAddress","line":12,"loc":{"start":{"line":12,"column":2},"end":{"line":14,"column":2}}},"3":{"name":"hasCycleEnded","line":16,"loc":{"start":{"line":16,"column":2},"end":{"line":18,"column":2}}},"4":{"name":"getRandom","line":24,"loc":{"start":{"line":24,"column":2},"end":{"line":26,"column":2}}},"5":{"name":"setNewValidatorSetMock","line":32,"loc":{"start":{"line":32,"column":2},"end":{"line":34,"column":2}}},"6":{"name":"setStakeAmountMockGroup","line":36,"loc":{"start":{"line":36,"column":2},"end":{"line":40,"column":2}}},"7":{"name":"addStakeAmountMock","line":42,"loc":{"start":{"line":42,"column":2},"end":{"line":44,"column":2}}},"8":{"name":"setFinalizedMock","line":46,"loc":{"start":{"line":46,"column":2},"end":{"line":48,"column":2}}},"9":{"name":"setShouldEmitInitiateChangeMock","line":50,"loc":{"start":{"line":50,"column":2},"end":{"line":52,"column":2}}},"10":{"name":"getMinStake","line":54,"loc":{"start":{"line":54,"column":2},"end":{"line":56,"column":2}}},"11":{"name":"getMaxStake","line":58,"loc":{"start":{"line":58,"column":2},"end":{"line":60,"column":2}}},"12":{"name":"getCycleDurationBlocks","line":62,"loc":{"start":{"line":62,"column":2},"end":{"line":64,"column":2}}},"13":{"name":"getSnapshotsPerCycle","line":66,"loc":{"start":{"line":66,"column":2},"end":{"line":68,"column":2}}},"14":{"name":"setCurrentValidatorsLengthMock","line":70,"loc":{"start":{"line":70,"column":2},"end":{"line":72,"column":2}}},"15":{"name":"currentValidatorsLength","line":74,"loc":{"start":{"line":74,"column":2},"end":{"line":79,"column":2}}},"16":{"name":"setValidatorFeeMock","line":81,"loc":{"start":{"line":81,"column":2},"end":{"line":84,"column":2}}},"17":{"name":"setTotalStakeAmountMock","line":86,"loc":{"start":{"line":86,"column":2},"end":{"line":88,"column":2}}},"18":{"name":"setBlockCounterMock","line":90,"loc":{"start":{"line":90,"column":2},"end":{"line":92,"column":2}}}},"statementMap":{"1":{"start":{"line":13,"column":4},"end":{"line":13,"column":41}},"2":{"start":{"line":17,"column":4},"end":{"line":17,"column":27}},"3":{"start":{"line":25,"column":4},"end":{"line":25,"column":33}},"4":{"start":{"line":37,"column":4},"end":{"line":37,"column":995}},"5":{"start":{"line":38,"column":7},"end":{"line":38,"column":53}},"6":{"start":{"line":43,"column":4},"end":{"line":43,"column":32}},"7":{"start":{"line":55,"column":4},"end":{"line":55,"column":15}},"8":{"start":{"line":59,"column":4},"end":{"line":59,"column":15}},"9":{"start":{"line":63,"column":4},"end":{"line":63,"column":14}},"10":{"start":{"line":67,"column":4},"end":{"line":67,"column":13}},"11":{"start":{"line":75,"column":4},"end":{"line":75,"column":1999}},"12":{"start":{"line":76,"column":6},"end":{"line":76,"column":40}},"13":{"start":{"line":78,"column":4},"end":{"line":78,"column":42}},"14":{"start":{"line":82,"column":4},"end":{"line":82,"column":36}},"15":{"start":{"line":83,"column":4},"end":{"line":83,"column":40}},"16":{"start":{"line":87,"column":4},"end":{"line":87,"column":36}}},"branchMap":{"1":{"line":8,"type":"if","locations":[{"start":{"line":8,"column":60},"end":{"line":8,"column":60}},{"start":{"line":8,"column":60},"end":{"line":8,"column":60}}]},"2":{"line":75,"type":"if","locations":[{"start":{"line":75,"column":4},"end":{"line":75,"column":4}},{"start":{"line":75,"column":4},"end":{"line":75,"column":4}}]},"3":{"line":82,"type":"if","locations":[{"start":{"line":82,"column":4},"end":{"line":82,"column":4}},{"start":{"line":82,"column":4},"end":{"line":82,"column":4}}]}}},
"contracts/test/EternalStorageProxyMock.sol":{"l":{"9":0},"path":"/Users/heshamshabanah/gr8h/Repos/fuse/fuse-network/contracts/test/EternalStorageProxyMock.sol","s":{},"b":{},"f":{"1":0,"2":0},"fnMap":{"1":{"name":"constructor","line":6,"loc":{"start":{"line":6,"column":2},"end":{"line":6,"column":122}}},"2":{"name":"setProxyStorageMock","line":8,"loc":{"start":{"line":8,"column":2},"end":{"line":10,"column":2}}}},"statementMap":{},"branchMap":{}},
"contracts/test/ProxyStorageMock.sol":{"l":{"7":0,"11":0,"15":0,"19":0},"path":"/Users/heshamshabanah/gr8h/Repos/fuse/fuse-network/contracts/test/ProxyStorageMock.sol","s":{"1":0,"2":0},"b":{},"f":{"1":0,"2":0,"3":0,"4":0},"fnMap":{"1":{"name":"setBlockRewardMock","line":6,"loc":{"start":{"line":6,"column":2},"end":{"line":8,"column":2}}},"2":{"name":"setConsensusMock","line":10,"loc":{"start":{"line":10,"column":2},"end":{"line":12,"column":2}}},"3":{"name":"upgradeBlockRewardMock","line":14,"loc":{"start":{"line":14,"column":2},"end":{"line":16,"column":2}}},"4":{"name":"upgradeConsensusMock","line":18,"loc":{"start":{"line":18,"column":2},"end":{"line":20,"column":2}}}},"statementMap":{"1":{"start":{"line":15,"column":4},"end":{"line":15,"column":67}},"2":{"start":{"line":19,"column":4},"end":{"line":19,"column":65}}},"branchMap":{}},
"contracts/test/VotingMock.sol":{"l":{"10":0,"14":0,"21":0,"22":0,"24":0,"26":0},"path":"/Users/heshamshabanah/gr8h/Repos/fuse/fuse-network/contracts/test/VotingMock.sol","s":{"1":0,"2":0,"3":0},"b":{"1":[0,0],"2":[0,0],"3":[0,0]},"f":{"1":0,"2":0,"3":0},"fnMap":{"1":{"name":"setNextBallotIdMock","line":9,"loc":{"start":{"line":9,"column":2},"end":{"line":11,"column":2}}},"2":{"name":"setConsensusMock","line":13,"loc":{"start":{"line":13,"column":2},"end":{"line":15,"column":2}}},"3":{"name":"onlyConsensus","line":20,"loc":{"start":{"line":20,"column":2},"end":{"line":27,"column":2}}}},"statementMap":{"1":{"start":{"line":21,"column":4},"end":{"line":21,"column":510}},"2":{"start":{"line":22,"column":6},"end":{"line":22,"column":59}},"3":{"start":{"line":24,"column":6},"end":{"line":24,"column":74}}},"branchMap":{"1":{"line":21,"type":"if","locations":[{"start":{"line":21,"column":4},"end":{"line":21,"column":4}},{"start":{"line":21,"column":4},"end":{"line":21,"column":4}}]},"2":{"line":22,"type":"if","locations":[{"start":{"line":22,"column":6},"end":{"line":22,"column":6}},{"start":{"line":22,"column":6},"end":{"line":22,"column":6}}]},"3":{"line":24,"type":"if","locations":[{"start":{"line":24,"column":6},"end":{"line":24,"column":6}},{"start":{"line":24,"column":6},"end":{"line":24,"column":6}}]}}},
"contracts/Voting.sol":{"l":{"15":0,"16":0,"28":0,"29":0,"30":0,"31":0,"32":0,"33":0,"42":0,"43":0,"44":0,"45":0,"46":0,"47":0,"48":0,"49":0,"50":0,"51":0,"52":0,"53":0,"54":0,"56":0,"65":0,"66":0,"67":0,"68":0,"69":0,"70":0,"71":0,"79":0,"80":0,"81":0,"83":0,"84":0,"85":0,"86":0,"88":0,"89":0,"90":0,"91":0,"92":0,"93":0,"94":0,"96":0,"100":0,"101":0,"102":0,"103":0},"path":"/Users/heshamshabanah/gr8h/Repos/fuse/fuse-network/contracts/Voting.sol","s":{"1":0,"2":0,"3":0,"4":0,"5":0,"6":0,"7":0,"8":0,"9":0,"10":0,"11":0,"12":0,"13":0,"14":0,"15":0,"16":0,"17":0,"18":0,"19":0,"20":0,"21":0,"22":0,"23":0,"24":0,"25":0,"26":0,"27":0,"28":0,"29":0,"30":0,"31":0,"32":0,"33":0,"34":0},"b":{"1":[0,0],"2":[0,0],"3":[0,0],"4":[0,0],"5":[0,0],"6":[0,0],"7":[0,0],"8":[0,0],"9":[0,0],"10":[0,0],"11":[0,0],"12":[0,0],"13":[0,0],"14":[0,0],"15":[0,0],"16":[0,0],"17":[0,0]},"f":{"1":0,"2":0,"3":0,"4":0,"5":0},"fnMap":{"1":{"name":"initialize","line":14,"loc":{"start":{"line":14,"column":2},"end":{"line":17,"column":2}}},"2":{"name":"newBallot","line":27,"loc":{"start":{"line":27,"column":2},"end":{"line":34,"column":2}}},"3":{"name":"getBallotInfo","line":41,"loc":{"start":{"line":41,"column":2},"end":{"line":57,"column":2}}},"4":{"name":"vote","line":64,"loc":{"start":{"line":64,"column":2},"end":{"line":72,"column":2}}},"5":{"name":"onCycleEnd","line":78,"loc":{"start":{"line":78,"column":2},"end":{"line":107,"column":2}}}},"statementMap":{"1":{"start":{"line":15,"column":4},"end":{"line":15,"column":28}},"2":{"start":{"line":16,"column":4},"end":{"line":16,"column":23}},"3":{"start":{"line":28,"column":4},"end":{"line":28,"column":40}},"4":{"start":{"line":29,"column":4},"end":{"line":29,"column":44}},"5":{"start":{"line":30,"column":4},"end":{"line":30,"column":94}},"6":{"start":{"line":31,"column":4},"end":{"line":31,"column":46}},"7":{"start":{"line":32,"column":4},"end":{"line":32,"column":44}},"8":{"start":{"line":33,"column":4},"end":{"line":33,"column":19}},"9":{"start":{"line":56,"column":4},"end":{"line":56,"column":176}},"10":{"start":{"line":65,"column":4},"end":{"line":65,"column":32}},"11":{"start":{"line":66,"column":4},"end":{"line":66,"column":30}},"12":{"start":{"line":67,"column":4},"end":{"line":67,"column":31}},"13":{"start":{"line":68,"column":4},"end":{"line":68,"column":40}},"14":{"start":{"line":69,"column":4},"end":{"line":69,"column":90}},"15":{"start":{"line":70,"column":4},"end":{"line":70,"column":39}},"16":{"start":{"line":71,"column":4},"end":{"line":71,"column":34}},"17":{"start":{"line":79,"column":4},"end":{"line":79,"column":47}},"18":{"start":{"line":80,"column":4},"end":{"line":80,"column":3502}},"19":{"start":{"line":81,"column":6},"end":{"line":81,"column":12}},"20":{"start":{"line":83,"column":4},"end":{"line":83,"column":43}},"21":{"start":{"line":84,"column":4},"end":{"line":84,"column":3599}},"22":{"start":{"line":85,"column":6},"end":{"line":85,"column":35}},"23":{"start":{"line":86,"column":6},"end":{"line":86,"column":3691}},"24":{"start":{"line":88,"column":8},"end":{"line":88,"column":3788}},"25":{"start":{"line":89,"column":10},"end":{"line":89,"column":29}},"26":{"start":{"line":90,"column":10},"end":{"line":90,"column":29}},"27":{"start":{"line":91,"column":10},"end":{"line":91,"column":3894}},"28":{"start":{"line":92,"column":12},"end":{"line":92,"column":68}},"29":{"start":{"line":93,"column":12},"end":{"line":93,"column":4026}},"30":{"start":{"line":95,"column":19},"end":{"line":95,"column":4151}},"31":{"start":{"line":100,"column":10},"end":{"line":100,"c
[...]
":0,"65":0,"66":0,"67":0,"68":0,"69":0,"70":0,"71":0,"72":0,"73":0,"74":0,"75":0,"76":0,"77":0,"78":0,"79":0,"80":0,"81":0,"82":0,"83":0,"84":0,"85":0,"86":0,"87":0,"88":0,"89":0,"90":0,"91":0,"92":0,"93":0,"94":0,"95":0,"96":0,"97":0,"98":0,"99":0,"100":0,"101":0,"102":0,"103":0,"104":0,"105":0,"106":0,"107":0,"108":0,"109":0,"110":0,"111":0,"112":0,"113":0,"114":0,"115":0},"b":{"1":[0,0],"2":[0,0],"3":[0,0],"4":[0,0],"5":[0,0],"6":[0,0],"7":[0,0],"8":[0,0],"9":[0,0],"10":[0,0],"11":[0,0],"12":[0,0],"13":[0,0],"14":[0,0],"15":[0,0],"16":[0,0],"17":[0,0],"18":[0,0],"19":[0,0],"20":[0,0],"21":[0,0],"22":[0,0]},"f":{"1":0,"2":0,"3":0,"4":0,"5":0,"6":0,"7":0,"8":0,"9":0,"10":0,"11":0,"12":0,"13":0,"14":0,"15":0,"16":0,"17":0,"18":0,"19":0,"20":0,"21":0,"22":0,"23":0,"24":0,"25":0,"26":0,"27":0,"28":0,"29":0,"30":0,"31":0,"32":0,"33":0,"34":0,"35":0,"36":0,"37":0,"38":0,"39":0,"40":0,"41":0,"42":0,"43":0,"44":0,"45":0,"46":0,"47":0,"48":0,"49":0,"50":0,"51":0,"52":0,"53":0,"54":0,"55":0,"56":0,"57":0,"58":0,"59":0,"60":0,"61":0,"62":0,"63":0},"fnMap":{"1":{"name":"onlyOwner","line":25,"loc":{"start":{"line":25,"column":2},"end":{"line":28,"column":2}}},"2":{"name":"onlyValidDuration","line":33,"loc":{"start":{"line":33,"column":2},"end":{"line":39,"column":2}}},"3":{"name":"onlyValidVotingKey","line":44,"loc":{"start":{"line":44,"column":2},"end":{"line":47,"column":2}}},"4":{"name":"onlyConsensus","line":52,"loc":{"start":{"line":52,"column":2},"end":{"line":55,"column":2}}},"5":{"name":"validContractType","line":66,"loc":{"start":{"line":66,"column":2},"end":{"line":68,"column":2}}},"6":{"name":"isValidVotingKey","line":74,"loc":{"start":{"line":74,"column":2},"end":{"line":84,"column":2}}},"7":{"name":"getBallotLimitPerValidator","line":89,"loc":{"start":{"line":89,"column":2},"end":{"line":99,"column":2}}},"8":{"name":"hasAlreadyVoted","line":106,"loc":{"start":{"line":106,"column":2},"end":{"line":111,"column":2}}},"9":{"name":"canBeFinalized","line":117,"loc":{"start":{"line":117,"column":2},"end":{"line":123,"column":2}}},"10":{"name":"getProposedValue","line":125,"loc":{"start":{"line":125,"column":2},"end":{"line":127,"column":2}}},"11":{"name":"_setProposedValue","line":129,"loc":{"start":{"line":129,"column":2},"end":{"line":131,"column":2}}},"12":{"name":"getContractType","line":133,"loc":{"start":{"line":133,"column":2},"end":{"line":135,"column":2}}},"13":{"name":"_setContractType","line":137,"loc":{"start":{"line":137,"column":2},"end":{"line":139,"column":2}}},"14":{"name":"_createBallot","line":147,"loc":{"start":{"line":147,"column":2},"end":{"line":165,"column":2}}},"15":{"name":"_finalize","line":167,"loc":{"start":{"line":167,"column":2},"end":{"line":194,"column":2}}},"16":{"name":"_deactivateBallot","line":196,"loc":{"start":{"line":196,"column":2},"end":{"line":208,"column":2}}},"17":{"name":"_finalizeBallot","line":210,"loc":{"start":{"line":210,"column":2},"end":{"line":212,"column":2}}},"18":{"name":"isActiveBallot","line":214,"loc":{"start":{"line":214,"column":2},"end":{"line":216,"column":2}}},"19":{"name":"getQuorumState","line":218,"loc":{"start":{"line":218,"column":2},"end":{"line":220,"column":2}}},"20":{"name":"_setQuorumState","line":222,"loc":{"start":{"line":222,"column":2},"end":{"line":224,"column":2}}},"21":{"name":"getNextBallotId","line":226,"loc":{"start":{"line":226,"column":2},"end":{"line":228,"column":2}}},"22":{"name":"_setNextBallotId","line":230,"loc":{"start":{"line":230,"column":2},"end":{"line":232,"column":2}}},"23":{"name":"getMinBallotDurationCycles","line":237,"loc":{"start":{"line":237,"column":2},"end":{"line":239,"column":2}}},"24":{"name":"getMaxBallotDurationCycles","line":244,"loc":{"start":{"line":244,"column":2},"end":{"line":246,"column":2}}},"25":{"name":"getStartBlock","line":248,"loc":{"start":{"line":248,"column":2},"end":{"line":250,"column":2}}},"26":{"name":"_setStartBlock","line":252,"loc":{"start":{"line":252,"column":2},"end":{"line":258,"column":2}}},"27":{"name":"getEndBlock","line":260,"loc":{"start":{"line":260,"column":2},"end":{"line":262,"column":2}}},"28":{"name":"_setEndBlock","line":264,"loc":{"start":{"line":264,"column":2},"end":{"line":269,"column":2}}},"29":{"name":"getIsFinalized","line":271,"loc":{"start":{"line":271,"column":2},"end":{"line":273,"column":2}}},"30":{"name":"_setIsFinalized","line":275,"loc":{"start":{"line":275,"column":2},"end":{"line":277,"column":2}}},"31":{"name":"getBelowTurnOut","line":279,"loc":{"start":{"line":279,"column":2},"end":{"line":281,"column":2}}},"32":{"name":"_setBelowTurnOut","line":283,"loc":{"start":{"line":283,"column":2},"end":{"line":285,"column":2}}},"33":{"name":"getDescription","line":287,"loc":{"start":{"line":287,"column":2},"end":{"line":289,"column":2}}},"34":{"name":"_setDescription","line":291,"loc":{"start":{"line":291,"column":2},"end":{"line":293,"column":2}}},"35":{"name":"getCreator","line":295,"loc":{"start":{"line":295,"column":2},"end":{"line":297,"column":2}}},"36":{"name":"_setCreator","line":299,"loc":{"start":{"line":299,"column":2},"end":{"line":301,"column":2}}},"37":{"name":"getIndex","line":303,"loc":{"start":{"line":303,"column":2},"end":{"line":305,"column":2}}},"38":{"name":"_setIndex","line":307,"loc":{"start":{"line":307,"column":2},"end":{"line":309,"column":2}}},"39":{"name":"activeBallots","line":311,"loc":{"start":{"line":311,"column":2},"end":{"line":313,"column":2}}},"40":{"name":"activeBallotsAtIndex","line":315,"loc":{"start":{"line":315,"column":2},"end":{"line":317,"column":2}}},"41":{"name":"activeBallotsLength","line":319,"loc":{"start":{"line":319,"column":2},"end":{"line":321,"column":2}}},"42":{"name":"_activeBallotsAdd","line":323,"loc":{"start":{"line":323,"column":2},"end":{"line":325,"column":2}}},"43":{"name":"_activeBallotsDecreaseLength","line":327,"loc":{"start":{"line":327,"column":2},"end":{"line":331,"column":2}}},"44":{"name":"_activeBallotsSet","line":333,"loc":{"start":{"line":333,"column":2},"end":{"line":335,"column":2}}},"45":{"name":"validatorActiveBallots","line":337,"loc":{"start":{"line":337,"column":2},"end":{"line":339,"column":2}}},"46":{"name":"_setValidatorActiveBallots","line":341,"loc":{"start":{"line":341,"column":2},"end":{"line":343,"column":2}}},"47":{"name":"_increaseValidatorLimit","line":345,"loc":{"start":{"line":345,"column":2},"end":{"line":347,"column":2}}},"48":{"name":"_decreaseValidatorLimit","line":349,"loc":{"start":{"line":349,"column":2},"end":{"line":355,"column":2}}},"49":{"name":"getFinalizeCalled","line":357,"loc":{"start":{"line":357,"column":2},"end":{"line":359,"column":2}}},"50":{"name":"_setFinalizeCalled","line":361,"loc":{"start":{"line":361,"column":2},"end":{"line":363,"column":2}}},"51":{"name":"getProxyStorage","line":365,"loc":{"start":{"line":365,"column":2},"end":{"line":367,"column":2}}},"52":{"name":"getTotalNumberOfValidators","line":369,"loc":{"start":{"line":369,"column":2},"end":{"line":371,"column":2}}},"53":{"name":"getStake","line":373,"loc":{"start":{"line":373,"column":2},"end":{"line":375,"column":2}}},"54":{"name":"_setVoterChoice","line":377,"loc":{"start":{"line":377,"column":2},"end":{"line":379,"column":2}}},"55":{"name":"getVoterChoice","line":381,"loc":{"start":{"line":381,"column":2},"end":{"line":383,"column":2}}},"56":{"name":"withinLimit","line":385,"loc":{"start":{"line":385,"column":2},"end":{"line":387,"column":2}}},"57":{"name":"getAccepted","line":389,"loc":{"start":{"line":389,"column":2},"end":{"line":391,"column":2}}},"58":{"name":"_setAccepted","line":393,"loc":{"start":{"line":393,"column":2},"end":{"line":395,"column":2}}},"59":{"name":"getRejected","line":397,"loc":{"start":{"line":397,"column":2},"end":{"line":399,"column":2}}},"60":{"name":"_setRejected","line":401,"loc":{"start":{"line":401,"column":2},"end":{"line":403,"column":2}}},"61":{"name":"getTotalStake","line":405,"loc":{"start":{"line":405,"column":2},"end":{"line":407,"column":2}}},"62":{"name":"_setTotalStake","line":409,"loc":{"start":{"line":409,"column":2},"end":{"line":411,"column":2}}},"63":{"name":"_checkTurnout","line":413,"loc":{"start":{"line":413,"column":2},"end":{"line":420,"column":2}}}},"statementMap":{"1":{"start":{"line":26,"column":4},"end":{"line":26,"column":47}},"2":{"start":{"line":34,"column":4},"end":{"line":34,"column":41}},"3":{"start":{"line":35,"column":4},"end":{"line":35,"column":31}},"4":{"start":{"line":36,"column":4},"end":{"line":36,"column":59}},"5":{"start":{"line":37,"column":4},"end":{"line":37,"column":59}},"6":{"start":{"line":45,"column":4},"end":{"line":45,"column":38}},"7":{"start":{"line":53,"column":4},"end":{"line":53,"column":72}},"8":{"start":{"line":67,"column":4},"end":{"line":67,"column":77}},"9":{"start":{"line":75,"column":4},"end":{"line":75,"column":22}},"10":{"start":{"line":76,"column":4},"end":{"line":76,"column":85}},"11":{"start":{"line":77,"column":4},"end":{"line":77,"column":2619}},"12":{"start":{"line":78,"column":6},"end":{"line":78,"column":66}},"13":{"start":{"line":79,"column":6},"end":{"line":79,"column":2759}},"14":{"start":{"line":83,"column":4},"end":{"line":83,"column":16}},"15":{"start":{"line":90,"column":4},"end":{"line":90,"column":58}},"16":{"start":{"line":91,"column":4},"end":{"line":91,"column":3124}},"17":{"start":{"line":92,"column":6},"end":{"line":92,"column":33}},"18":{"start":{"line":94,"column":4},"end":{"line":94,"column":61}},"19":{"start":{"line":95,"column":4},"end":{"line":95,"column":3260}},"20":{"start":{"line":98,"column":4},"end":{"line":98,"column":16}},"21":{"start":{"line":107,"column":4},"end":{"line":107,"column":3590}},"22":{"start":{"line":108,"column":6},"end":{"line":108,"column":18}},"23":{"start":{"line":110,"column":4},"end":{"line":110,"column":41}},"24":{"start":{"line":118,"column":4},"end":{"line":118,"column":46}},"25":{"start":{"line":118,"column":34},"end":{"line":118,"column":46}},"26":{"start":{"line":119,"column":4},"end":{"line":119,"column":55}},"27":{"start":{"line":119,"column":43},"end":{"line":119,"column":55}},"28":{"start":{"line":120,"column":4},"end":{"line":120,"column":41}},"29":{"start":{"line":120,"column":29},"end":{"line":120,"column":41}},"30":{"start":{"line":122,"column":4},"end":{"line":122,"column":43}},"31":{"start":{"line":126,"column":4},"end":{"line":126,"column":91}},"32":{"start":{"line":134,"column":4},"end":{"line":134,"column":87}},"33":{"start":{"line":148,"column":4},"end":{"line":148,"column":27}},"34":{"start":{"line":149,"column":4},"end":{"line":149,"column":32}},"35":{"start":{"line":150,"column":4},"end":{"line":150,"column":32}},"36":{"start":{"line":151,"column":4},"end":{"line":151,"column":40}},"37":{"start":{"line":152,"column":4},"end":{"line":152,"column":36}},"38":{"start":{"line":153,"column":4},"end":{"line":153,"column":54}},"39":{"start":{"line":154,"column":4},"end":{"line":154,"column":42}},"40":{"start":{"line":155,"column":4},"end":{"line":155,"column":35}},"41":{"start":{"line":156,"column":4},"end":{"line":156,"column":62}},"42":{"start":{"line":157,"column":4},"end":{"line":157,"column":33}},"43":{"start":{"line":158,"column":4},"end":{"line":158,"column":42}},"44":{"start":{"line":159,"column":4},"end":{"line":159,"column":45}},"45":{"start":{"line":160,"column":4},"end":{"line":160,"column":36}},"46":{"start":{"line":161,"column":4},"end":{"line":161,"column":30}},"47":{"start":{"line":162,"column":4},"end":{"line":162,"column":35}},"48":{"start":{"line":163,"column":4},"end":{"line":163,"column":41}},"49":{"start":{"line":164,"column":4},"end":{"line":164,"column":19}},"50":{"start":{"line":168,"column":4},"end":{"line":168,"column":5906}},"51":{"start":{"line":169,"column":6},"end":{"line":169,"column":33}},"52":{"start":{"line":170,"column":6},"end":{"line":170,"column":28}},"53":{"start":{"line":174,"column":4},"end":{"line":174,"column":6040}},"54":{"start":{"line":175,"column":6},"end":{"line":175,"column":6074}},"55":{"start":{"line":176,"column":8},"end":{"line":176,"column":6127}},"56":{"start":{"line":177,"column":10},"end":{"line":177,"column":61}},"57":{"start":{"line":179,"column":10},"end":{"line":179,"column":16}},"58":{"start":{"line":182,"column":8},"end":{"line":182,"column":59}},"59":{"start":{"line":184,"column":6},"end":{"line":184,"column":33}},"60":{"start":{"line":187,"column":6},"end":{"line":187,"column":32}},"61":{"start":{"line":188,"column":6},"end":{"line":188,"column":57}},"62":{"start":{"line":191,"column":4},"end":{"line":191,"column":25}},"63":{"start":{"line":192,"column":4},"end":{"line":192,"column":29}},"64":{"start":{"line":193,"column":4},"end":{"line":193,"column":29}},"65":{"start":{"line":197,"column":4},"end":{"line":197,"column":40}},"66":{"start":{"line":198,"column":4},"end":{"line":198,"column":49}},"67":{"start":{"line":199,"column":4},"end":{"line":199,"column":58}},"68":{"start":{"line":202,"column":4},"end":{"line":202,"column":48}},"69":{"start":{"line":205,"column":4},"end":{"line":205,"column":40}},"70":{"start":{"line":206,"column":4},"end":{"line":206,"column":34}},"71":{"start":{"line":207,"column":4},"end":{"line":207,"column":33}},"72":{"start":{"line":211,"column":4},"end":{"line":211,"column":106}},"73":{"start":{"line":215,"column":4},"end":{"line":215,"column":79}},"74":{"start":{"line":219,"column":4},"end":{"line":219,"column":86}},"75":{"start":{"line":227,"column":4},"end":{"line":227,"column":38}},"76":{"start":{"line":238,"column":4},"end":{"line":238,"column":37}},"77":{"start":{"line":245,"column":4},"end":{"line":245,"column":37}},"78":{"start":{"line":249,"column":4},"end":{"line":249,"column":85}},"79":{"start":{"line":253,"column":4},"end":{"line":253,"column":85}},"80":{"start":{"line":254,"column":4},"end":{"line":254,"column":68}},"81":{"start":{"line":255,"column":4},"end":{"line":255,"column":70}},"82":{"start":{"line":256,"column":4},"end":{"line":256,"column":101}},"83":{"start":{"line":261,"column":4},"end":{"line":261,"column":83}},"84":{"start":{"line":265,"column":4},"end":{"line":265,"column":117}},"85":{"start":{"line":266,"column":4},"end":{"line":266,"column":43}},"86":{"start":{"line":267,"column":4},"end":{"line":267,"column":79}},"87":{"start":{"line":272,"column":4},"end":{"line":272,"column":86}},"88":{"start":{"line":280,"column":4},"end":{"line":280,"column":87}},"89":{"start":{"line":288,"column":4},"end":{"line":288,"column":88}},"90":{"start":{"line":296,"column":4},"end":{"line":296,"column":85}},"91":{"start":{"line":304,"column":4},"end":{"line":304,"column":80}},"92":{"start":{"line":312,"column":4},"end":{"line":312,"column":43}},"93":{"start":{"line":316,"column":4},"end":{"line":316,"column":51}},"94":{"start":{"line":320,"column":4},"end":{"line":320,"column":50}},"95":{"start":{"line":324,"column":4},"end":{"line":324,"column":45}},"96":{"start":{"line":328,"column":4},"end":{"line":328,"column":11736}},"97":{"start":{"line":338,"column":4},"end":{"line":338,"column":83}},"98":{"start":{"line":346,"column":4},"end":{"line":346,"column":72}},"99":{"start":{"line":350,"column":4},"end":{"line":350,"column":33}},"100":{"start":{"line":351,"column":4},"end":{"line":351,"column":54}},"101":{"start":{"line":352,"column":4},"end":{"line":352,"column":12589}},"102":{"start":{"line":353,"column":6},"end":{"line":353,"column":54}},"103":{"start":{"line":358,"column":4},"end":{"line":358,"column":74}},"104":{"start":{"line":366,"column":4},"end":{"line":366,"column":40}},"105":{"start":{"line":370,"column":4},"end":{"line":370,"column":95}},"106":{"start":{"line":374,"column":4},"end":{"line":374,"column":87}},"107":{"start":{"line":382,"column":4},"end":{"line":382,"column":87}},"108":{"start":{"line":386,"column":4},"end":{"line":386,"column":70}},"109":{"start":{"line":390,"column":4},"end":{"line":390,"column":83}},"110":{"start":{"line":398,"column":4},"end":{"line":398,"column":83}},"111":{"start":{"line":406,"column":4},"end":{"line":406,"column":85}},"112":{"start":{"line":414,"column":4},"end":{"line":414,"column":38}},"113":{"start":{"line":415,"column":4},"end":{"line":415,"column":59}},"114":{"start":{"line":417,"column":4},"end":{"line":417,"column":44}},"115":{"start":{"line":419,"column":4},"end":{"line":419,"column":37}}},"branchMap":{"1":{"line":26,"type":"if","locations":[{"start":{"line":26,"column":4},"end":{"line":26,"column":4}},{"start":{"line":26,"column":4},"end":{"line":26,"column":4}}]},"2":{"line":34,"type":"if","locations":[{"start":{"line":34,"column":4},"end":{"line":34,"column":4}},{"start":{"line":34,"column":4},"end":{"line":34,"column":4}}]},"3":{"line":35,"type":"if","locations":[{"start":{"line":35,"column":4},"end":{"line":35,"column":4}},{"start":{"line":35,"column":4},"end":{"line":35,"column":4}}]},"4":{"line":36,"type":"if","locations":[{"start":{"line":36,"column":4},"end":{"line":36,"column":4}},{"start":{"line":36,"column":4},"end":{"line":36,"column":4}}]},"5":{"line":37,"type":"if","locations":[{"start":{"line":37,"column":4},"end":{"line":37,"column":4}},{"start":{"line":37,"column":4},"end":{"line":37,"column":4}}]},"6":{"line":45,"type":"if","locations":[{"start":{"line":45,"column":4},"end":{"line":45,"column":4}},{"start":{"line":45,"column":4},"end":{"line":45,"column":4}}]},"7":{"line":53,"type":"if","locations":[{"start":{"line":53,"column":4},"end":{"line":53,"column":4}},{"start":{"line":53,"column":4},"end":{"line":53,"column":4}}]},"8":{"line":79,"type":"if","locations":[{"start":{"line":79,"column":6},"end":{"line":79,"column":6}},{"start":{"line":79,"column":6},"end":{"line":79,"column":6}}]},"9":{"line":91,"type":"if","locations":[{"start":{"line":91,"column":4},"end":{"line":91,"column":4}},{"start":{"line":91,"column":4},"end":{"line":91,"column":4}}]},"10":{"line":95,"type":"if","locations":[{"start":{"line":95,"column":4},"end":{"line":95,"column":4}},{"start":{"line":95,"column":4},"end":{"line":95,"column":4}}]},"11":{"line":107,"type":"if","locations":[{"start":{"line":107,"column":4},"end":{"line":107,"column":4}},{"start":{"line":107,"column":4},"end":{"line":107,"column":4}}]},"12":{"line":118,"type":"if","locations":[{"start":{"line":118,"column":4},"end":{"line":118,"column":4}},{"start":{"line":118,"column":4},"end":{"line":118,"column":4}}]},"13":{"line":119,"type":"if","locations":[{"start":{"line":119,"column":4},"end":{"line":119,"column":4}},{"start":{"line":119,"column":4},"end":{"line":119,"column":4}}]},"14":{"line":120,"type":"if","locations":[{"start":{"line":120,"column":4},"end":{"line":120,"column":4}},{"start":{"line":120,"column":4},"end":{"line":120,"column":4}}]},"15":{"line":148,"type":"if","locations":[{"start":{"line":148,"column":4},"end":{"line":148,"column":4}},{"start":{"line":148,"column":4},"end":{"line":148,"column":4}}]},"16":{"line":150,"type":"if","locations":[{"start":{"line":150,"column":4},"end":{"line":150,"column":4}},{"start":{"line":150,"column":4},"end":{"line":150,"column":4}}]},"17":{"line":168,"type":"if","locations":[{"start":{"line":168,"column":4},"end":{"line":168,"column":4}},{"start":{"line":168,"column":4},"end":{"line":168,"column":4}}]},"18":{"line":174,"type":"if","locations":[{"start":{"line":174,"column":4},"end":{"line":174,"column":4}},{"start":{"line":174,"column":4},"end":{"line":174,"column":4}}]},"19":{"line":175,"type":"if","locations":[{"start":{"line":175,"column":6},"end":{"line":175,"column":6}},{"start":{"line":175,"column":6},"end":{"line":175,"column":6}}]},"20":{"line":176,"type":"if","locations":[{"start":{"line":176,"column":8},"end":{"line":176,"column":8}},{"start":{"line":176,"column":8},"end":{"line":176,"column":8}}]},"21":{"line":328,"type":"if","locations":[{"start":{"line":328,"column":4},"end":{"line":328,"column":4}},{"start":{"line":328,"column":4},"end":{"line":328,"column":4}}]},"22":{"line":352,"type":"if","locations":[{"start":{"line":352,"column":4},"end":{"line":352,"column":4}},{"start":{"line":352,"column":4},"end":{"line":352,"column":4}}]}}}}
