TN:
SF:/Users/heshamshabanah/gr8h/Repos/fuse/fuse-network/contracts/abstracts/BlockRewardBase.sol
FNF:0
FNH:0
LF:0
LH:0
BRF:0
BRH:0
end_of_record
TN:
SF:/Users/heshamshabanah/gr8h/Repos/fuse/fuse-network/contracts/abstracts/ValidatorSet.sol
FNF:0
FNH:0
LF:0
LH:0
BRF:0
BRH:0
end_of_record
TN:
SF:/Users/heshamshabanah/gr8h/Repos/fuse/fuse-network/contracts/abstracts/VotingBase.sol
FNF:0
FNH:0
LF:0
LH:0
BRF:0
BRH:0
end_of_record
TN:
SF:/Users/heshamshabanah/gr8h/Repos/fuse/fuse-network/contracts/BlockReward.sol
FN:36,onlySystem
FN:44,onlyOwner
FN:52,onlyConsensus
FN:60,onlyValidator
FN:68,initialize
FN:83,reward
FN:116,onCycleEnd
FN:123,emitRewardedOnCycle
FN:138,_setSystemAddress
FN:142,_setTotalSupply
FN:147,getTotalSupply
FN:151,_initRewardedOnCycle
FN:155,_setRewardedOnCycle
FN:160,getRewardedOnCycle
FN:167,getInflation
FN:174,getBlocksPerYear
FN:178,_setBlockRewardAmount
FN:182,getBlockRewardAmount
FN:186,getBlockRewardAmountPerValidator
FN:200,getProxyStorage
FN:204,shouldEmitRewardedOnCycle
FN:208,_setShouldEmitRewardedOnCycle
FNF:22
FNH:0
FNDA:0,onlySystem
FNDA:0,onlyOwner
FNDA:0,onlyConsensus
FNDA:0,onlyValidator
FNDA:0,initialize
FNDA:0,reward
FNDA:0,onCycleEnd
FNDA:0,emitRewardedOnCycle
FNDA:0,_setSystemAddress
FNDA:0,_setTotalSupply
FNDA:0,getTotalSupply
FNDA:0,_initRewardedOnCycle
FNDA:0,_setRewardedOnCycle
FNDA:0,getRewardedOnCycle
FNDA:0,getInflation
FNDA:0,getBlocksPerYear
FNDA:0,_setBlockRewardAmount
FNDA:0,getBlockRewardAmount
FNDA:0,getBlockRewardAmountPerValidator
FNDA:0,getProxyStorage
FNDA:0,shouldEmitRewardedOnCycle
FNDA:0,_setShouldEmitRewardedOnCycle
DA:37,0
DA:38,0
DA:45,0
DA:46,0
DA:53,0
DA:54,0
DA:61,0
DA:62,0
DA:69,0
DA:70,0
DA:71,0
DA:72,0
DA:73,0
DA:74,0
DA:84,0
DA:85,0
DA:86,0
DA:88,0
DA:90,0
DA:92,0
DA:93,0
DA:95,0
DA:96,0
DA:97,0
DA:98,0
DA:99,0
DA:100,0
DA:103,0
DA:104,0
DA:106,0
DA:107,0
DA:110,0
DA:112,0
DA:113,0
DA:117,0
DA:124,0
DA:125,0
DA:126,0
DA:127,0
DA:139,0
DA:143,0
DA:144,0
DA:148,0
DA:152,0
DA:156,0
DA:157,0
DA:161,0
DA:168,0
DA:175,0
DA:179,0
DA:183,0
DA:187,0
DA:188,0
DA:189,0
DA:190,0
DA:193,0
DA:194,0
DA:196,0
DA:201,0
DA:205,0
DA:209,0
LF:61
LH:0
BRDA:37,1,0,0
BRDA:37,1,1,0
BRDA:45,2,0,0
BRDA:45,2,1,0
BRDA:53,3,0,0
BRDA:53,3,1,0
BRDA:61,4,0,0
BRDA:61,4,1,0
BRDA:68,5,0,0
BRDA:68,5,1,0
BRDA:69,6,0,0
BRDA:69,6,1,0
BRDA:83,7,0,0
BRDA:83,7,1,0
BRDA:84,8,0,0
BRDA:84,8,1,0
BRDA:85,9,0,0
BRDA:85,9,1,0
BRDA:86,10,0,0
BRDA:86,10,1,0
BRDA:106,11,0,0
BRDA:106,11,1,0
BRDA:116,12,0,0
BRDA:116,12,1,0
BRDA:123,13,0,0
BRDA:123,13,1,0
BRDA:124,14,0,0
BRDA:124,14,1,0
BRDA:143,15,0,0
BRDA:143,15,1,0
BRDA:156,16,0,0
BRDA:156,16,1,0
BRDA:193,17,0,0
BRDA:193,17,1,0
BRF:34
BRH:0
end_of_record
TN:
SF:/Users/heshamshabanah/gr8h/Repos/fuse/fuse-network/contracts/Consensus.sol
FN:16,initialize
FN:32,getValidators
FN:39,finalizeChange
FN:50,
FN:57,stake
FN:65,delegate
FN:73,withdraw
FN:82,withdraw
FN:89,cycle
FN:111,emitInitiateChange
FN:123,setValidatorFee
FN:132,unJail
FN:141,maintenance
FNF:13
FNH:0
FNDA:0,initialize
FNDA:0,getValidators
FNDA:0,finalizeChange
FNDA:0,
FNDA:0,stake
FNDA:0,delegate
FNDA:0,withdraw
FNDA:0,withdraw
FNDA:0,cycle
FNDA:0,emitInitiateChange
FNDA:0,setValidatorFee
FNDA:0,unJail
FNDA:0,maintenance
DA:17,0
DA:18,0
DA:19,0
DA:20,0
DA:21,0
DA:23,0
DA:25,0
DA:26,0
DA:33,0
DA:40,0
DA:41,0
DA:42,0
DA:44,0
DA:51,0
DA:58,0
DA:66,0
DA:74,0
DA:83,0
DA:90,0
DA:91,0
DA:92,0
DA:93,0
DA:94,0
DA:95,0
DA:96,0
DA:97,0
DA:99,0
DA:100,0
DA:101,0
DA:102,0
DA:104,0
DA:112,0
DA:113,0
DA:114,0
DA:115,0
DA:124,0
DA:125,0
DA:126,0
DA:133,0
DA:135,0
DA:142,0
DA:143,0
LF:42
LH:0
BRDA:16,1,0,0
BRDA:16,1,1,0
BRDA:17,2,0,0
BRDA:17,2,1,0
BRDA:20,3,0,0
BRDA:20,3,1,0
BRDA:39,4,0,0
BRDA:39,4,1,0
BRDA:39,5,0,0
BRDA:39,5,1,0
BRDA:40,6,0,0
BRDA:40,6,1,0
BRDA:89,7,0,0
BRDA:89,7,1,0
BRDA:91,8,0,0
BRDA:91,8,1,0
BRDA:96,9,0,0
BRDA:96,9,1,0
BRDA:99,10,0,0
BRDA:99,10,1,0
BRDA:111,11,0,0
BRDA:111,11,1,0
BRDA:112,12,0,0
BRDA:112,12,1,0
BRDA:113,13,0,0
BRDA:113,13,1,0
BRDA:123,14,0,0
BRDA:123,14,1,0
BRDA:124,15,0,0
BRDA:124,15,1,0
BRDA:125,16,0,0
BRDA:125,16,1,0
BRDA:132,17,0,0
BRDA:132,17,1,0
BRDA:133,18,0,0
BRDA:133,18,1,0
BRDA:141,19,0,0
BRDA:141,19,1,0
BRDA:142,20,0,0
BRDA:142,20,1,0
BRF:40
BRH:0
end_of_record
TN:
SF:/Users/heshamshabanah/gr8h/Repos/fuse/fuse-network/contracts/ConsensusUtils.sol
FN:41,notFinalized
FN:49,onlySystem
FN:57,onlyOwner
FN:65,onlyBlockReward
FN:73,onlyValidator
FN:81,onlyJailedValidator
FN:102,_delegate
FN:126,_withdraw
FN:158,_setSystemAddress
FN:162,setProxyStorage
FN:169,getProxyStorage
FN:173,_setFinalized
FN:177,isFinalized
FN:184,getMaxValidators
FN:191,getMinStake
FN:198,getMaxStake
FN:206,getMinValidatorFee
FN:215,getCycleDurationBlocks
FN:219,_setCurrentCycle
FN:224,_checkJail
FN:239,_removeFromJail
FN:246,getCurrentCycleStartBlock
FN:250,getCurrentCycleEndBlock
FN:254,getReleaseBlock
FN:261,getSnapshotsPerCycle
FN:265,_setLastSnapshotTakenAtBlock
FN:269,getLastSnapshotTakenAtBlock
FN:273,_setNextSnapshotId
FN:277,getNextSnapshotId
FN:281,_setSnapshot
FN:297,_setSnapshotAddresses
FN:301,getSnapshotAddresses
FN:305,currentValidators
FN:309,currentValidatorsLength
FN:313,jailedValidatorsLength
FN:317,currentValidatorsAtPosition
FN:321,jailedValidatorsAtPosition
FN:325,isValidator
FN:334,isJailed
FN:343,requiredSignatures
FN:347,_currentValidatorsAdd
FN:351,_setCurrentValidators
FN:368,pendingValidators
FN:372,pendingValidatorsLength
FN:376,pendingValidatorsAtPosition
FN:380,jailedValidators
FN:384,isPendingValidator
FN:393,_jailValidator
FN:403,_maintenance
FN:408,_setPendingValidatorsAtPosition
FN:412,_setJailedValidatorsAtPosition
FN:416,_pendingValidatorsAdd
FN:421,_addJailedValidator
FN:425,_jailedValidatorRemove
FN:451,_pendingValidatorsRemove
FN:473,stakeAmount
FN:477,totalStakeAmount
FN:481,_stakeAmountAdd
FN:485,_stakeAmountSub
FN:489,_setJailRelease
FN:499,_resetStrikes
FN:503,delegatedAmount
FN:507,_delegatedAmountAdd
FN:514,_delegatedAmountSub
FN:521,delegators
FN:525,delegatorsLength
FN:529,delegatorsAtPosition
FN:533,blockCounter
FN:537,isDelegator
FN:546,_setDelegatorsAtPosition
FN:550,_delegatorsAdd
FN:554,_delegatorsRemove
FN:575,getDelegatorsForRewardDistribution
FN:588,newValidatorSet
FN:592,newValidatorSetLength
FN:596,_setNewValidatorSet
FN:600,_setTotalStakeAmount
FN:604,_totalStakeAmountAdd
FN:608,_totalStakeAmountSub
FN:612,shouldEmitInitiateChange
FN:616,_setShouldEmitInitiateChange
FN:620,_hasCycleEnded
FN:624,_getSeed
FN:628,_getRandom
FN:632,validatorFee
FN:636,_setValidatorFee
FN:644,_incBlockCounter
FN:651,_resetBlockCounter
FN:659,_incStrikeReset
FN:672,_resetStrikeReset
FN:676,getStrikeReset
FN:680,getStrikes
FNF:92
FNH:0
FNDA:0,notFinalized
FNDA:0,onlySystem
FNDA:0,onlyOwner
FNDA:0,onlyBlockReward
FNDA:0,onlyValidator
FNDA:0,onlyJailedValidator
FNDA:0,_delegate
FNDA:0,_withdraw
FNDA:0,_setSystemAddress
FNDA:0,setProxyStorage
FNDA:0,getProxyStorage
FNDA:0,_setFinalized
FNDA:0,isFinalized
FNDA:0,getMaxValidators
FNDA:0,getMinStake
FNDA:0,getMaxStake
FNDA:0,getMinValidatorFee
FNDA:0,getCycleDurationBlocks
FNDA:0,_setCurrentCycle
FNDA:0,_checkJail
FNDA:0,_removeFromJail
FNDA:0,getCurrentCycleStartBlock
FNDA:0,getCurrentCycleEndBlock
FNDA:0,getReleaseBlock
FNDA:0,getSnapshotsPerCycle
FNDA:0,_setLastSnapshotTakenAtBlock
FNDA:0,getLastSnapshotTakenAtBlock
FNDA:0,_setNextSnapshotId
FNDA:0,getNextSnapshotId
FNDA:0,_setSnapshot
FNDA:0,_setSnapshotAddresses
FNDA:0,getSnapshotAddresses
FNDA:0,currentValidators
FNDA:0,currentValidatorsLength
FNDA:0,jailedValidatorsLength
FNDA:0,currentValidatorsAtPosition
FNDA:0,jailedValidatorsAtPosition
FNDA:0,isValidator
FNDA:0,isJailed
FNDA:0,requiredSignatures
FNDA:0,_currentValidatorsAdd
FNDA:0,_setCurrentValidators
FNDA:0,pendingValidators
FNDA:0,pendingValidatorsLength
FNDA:0,pendingValidatorsAtPosition
FNDA:0,jailedValidators
FNDA:0,isPendingValidator
FNDA:0,_jailValidator
FNDA:0,_maintenance
FNDA:0,_setPendingValidatorsAtPosition
FNDA:0,_setJailedValidatorsAtPosition
FNDA:0,_pendingValidatorsAdd
FNDA:0,_addJailedValidator
FNDA:0,_jailedValidatorRemove
FNDA:0,_pendingValidatorsRemove
FNDA:0,stakeAmount
FNDA:0,totalStakeAmount
FNDA:0,_stakeAmountAdd
FNDA:0,_stakeAmountSub
FNDA:0,_setJailRelease
FNDA:0,_resetStrikes
FNDA:0,delegatedAmount
FNDA:0,_delegatedAmountAdd
FNDA:0,_delegatedAmountSub
FNDA:0,delegators
FNDA:0,delegatorsLength
FNDA:0,delegatorsAtPosition
FNDA:0,blockCounter
FNDA:0,isDelegator
FNDA:0,_setDelegatorsAtPosition
FNDA:0,_delegatorsAdd
FNDA:0,_delegatorsRemove
FNDA:0,getDelegatorsForRewardDistribution
FNDA:0,newValidatorSet
FNDA:0,newValidatorSetLength
FNDA:0,_setNewValidatorSet
FNDA:0,_setTotalStakeAmount
FNDA:0,_totalStakeAmountAdd
FNDA:0,_totalStakeAmountSub
FNDA:0,shouldEmitInitiateChange
FNDA:0,_setShouldEmitInitiateChange
FNDA:0,_hasCycleEnded
FNDA:0,_getSeed
FNDA:0,_getRandom
FNDA:0,validatorFee
FNDA:0,_setValidatorFee
FNDA:0,_incBlockCounter
FNDA:0,_resetBlockCounter
FNDA:0,_incStrikeReset
FNDA:0,_resetStrikeReset
FNDA:0,getStrikeReset
FNDA:0,getStrikes
DA:42,0
DA:43,0
DA:50,0
DA:51,0
DA:58,0
DA:59,0
DA:66,0
DA:67,0
DA:74,0
DA:75,0
DA:82,0
DA:83,0
DA:103,0
DA:104,0
DA:105,0
DA:107,0
DA:108,0
DA:111,0
DA:114,0
DA:115,0
DA:116,0
DA:120,0
DA:122,0
DA:127,0
DA:128,0
DA:129,0
DA:130,0
DA:132,0
DA:135,0
DA:137,0
DA:138,0
DA:142,0
DA:143,0
DA:146,0
DA:148,0
DA:152,0
DA:153,0
DA:155,0
DA:159,0
DA:163,0
DA:164,0
DA:165,0
DA:166,0
DA:170,0
DA:174,0
DA:178,0
DA:185,0
DA:192,0
DA:199,0
DA:207,0
DA:216,0
DA:220,0
DA:221,0
DA:225,0
DA:226,0
DA:227,0
DA:229,0
DA:232,0
DA:235,0
DA:240,0
DA:241,0
DA:242,0
DA:247,0
DA:251,0
DA:255,0
DA:262,0
DA:266,0
DA:270,0
DA:274,0
DA:278,0
DA:282,0
DA:283,0
DA:284,0
DA:285,0
DA:286,0
DA:287,0
DA:288,0
DA:289,0
DA:290,0
DA:291,0
DA:292,0
DA:294,0
DA:298,0
DA:302,0
DA:306,0
DA:310,0
DA:314,0
DA:318,0
DA:322,0
DA:326,0
DA:327,0
DA:328,0
DA:331,0
DA:335,0
DA:336,0
DA:337,0
DA:340,0
DA:344,0
DA:348,0
DA:352,0
DA:353,0
DA:354,0
DA:355,0
DA:359,0
DA:360,0
DA:361,0
DA:364,0
DA:365,0
DA:369,0
DA:373,0
DA:377,0
DA:381,0
DA:385,0
DA:386,0
DA:387,0
DA:390,0
DA:394,0
DA:396,0
DA:397,0
DA:398,0
DA:399,0
DA:404,0
DA:405,0
DA:409,0
DA:413,0
DA:417,0
DA:418,0
DA:422,0
DA:426,0
DA:427,0
DA:428,0
DA:452,0
DA:453,0
DA:454,0
DA:455,0
DA:456,0
DA:457,0
DA:458,0
DA:461,0
DA:462,0
DA:463,0
DA:464,0
DA:465,0
DA:467,0
DA:468,0
DA:474,0
DA:478,0
DA:482,0
DA:486,0
DA:490,0
DA:493,0
DA:494,0
DA:495,0
DA:500,0
DA:504,0
DA:508,0
DA:509,0
DA:510,0
DA:515,0
DA:516,0
DA:517,0
DA:522,0
DA:526,0
DA:530,0
DA:534,0
DA:538,0
DA:539,0
DA:540,0
DA:543,0
DA:547,0
DA:551,0
DA:555,0
DA:556,0
DA:557,0
DA:558,0
DA:559,0
DA:560,0
DA:561,0
DA:564,0
DA:565,0
DA:566,0
DA:567,0
DA:568,0
DA:570,0
DA:571,0
DA:576,0
DA:577,0
DA:578,0
DA:580,0
DA:581,0
DA:582,0
DA:585,0
DA:589,0
DA:593,0
DA:597,0
DA:601,0
DA:605,0
DA:609,0
DA:613,0
DA:617,0
DA:621,0
DA:625,0
DA:629,0
DA:633,0
DA:637,0
DA:645,0
DA:652,0
DA:660,0
DA:661,0
DA:664,0
DA:665,0
DA:673,0
DA:677,0
DA:681,0
LF:214
LH:0
BRDA:42,1,0,0
BRDA:42,1,1,0
BRDA:50,2,0,0
BRDA:50,2,1,0
BRDA:58,3,0,0
BRDA:58,3,1,0
BRDA:66,4,0,0
BRDA:66,4,1,0
BRDA:74,5,0,0
BRDA:74,5,1,0
BRDA:82,6,0,0
BRDA:82,6,1,0
BRDA:103,7,0,0
BRDA:103,7,1,0
BRDA:104,8,0,0
BRDA:104,8,1,0
BRDA:105,9,0,0
BRDA:105,9,1,0
BRDA:111,10,0,0
BRDA:111,10,1,0
BRDA:114,11,0,0
BRDA:114,11,1,0
BRDA:120,12,0,0
BRDA:120,12,1,0
BRDA:127,13,0,0
BRDA:127,13,1,0
BRDA:128,14,0,0
BRDA:128,14,1,0
BRDA:129,15,0,0
BRDA:129,15,1,0
BRDA:130,16,0,0
BRDA:130,16,1,0
BRDA:135,17,0,0
BRDA:135,17,1,0
BRDA:146,18,0,0
BRDA:146,18,1,0
BRDA:152,19,0,0
BRDA:152,19,1,0
BRDA:162,20,0,0
BRDA:162,20,1,0
BRDA:163,21,0,0
BRDA:163,21,1,0
BRDA:164,22,0,0
BRDA:164,22,1,0
BRDA:227,23,0,0
BRDA:227,23,1,0
BRDA:230,24,0,0
BRDA:230,24,1,0
BRDA:241,25,0,0
BRDA:241,25,1,0
BRDA:327,26,0,0
BRDA:327,26,1,0
BRDA:336,27,0,0
BRDA:336,27,1,0
BRDA:360,28,0,0
BRDA:360,28,1,0
BRDA:386,29,0,0
BRDA:386,29,1,0
BRDA:394,30,0,0
BRDA:394,30,1,0
BRDA:417,31,0,0
BRDA:417,31,1,0
BRDA:455,32,0,0
BRDA:455,32,1,0
BRDA:461,33,0,0
BRDA:461,33,1,0
BRDA:464,34,0,0
BRDA:464,34,1,0
BRDA:494,35,0,0
BRDA:494,35,1,0
BRDA:509,36,0,0
BRDA:509,36,1,0
BRDA:516,37,0,0
BRDA:516,37,1,0
BRDA:539,38,0,0
BRDA:539,38,1,0
BRDA:558,39,0,0
BRDA:558,39,1,0
BRDA:564,40,0,0
BRDA:564,40,1,0
BRDA:567,41,0,0
BRDA:567,41,1,0
BRDA:661,42,0,0
BRDA:661,42,1,0
BRF:84
BRH:0
end_of_record
TN:
SF:/Users/heshamshabanah/gr8h/Repos/fuse/fuse-network/contracts/eternal-storage/EternalStorage.sol
FN:32,isInitialized
FN:36,setInitialized
FNF:2
FNH:0
FNDA:0,isInitialized
FNDA:0,setInitialized
DA:33,0
DA:37,0
LF:2
LH:0
BRF:0
BRH:0
end_of_record
TN:
SF:/Users/heshamshabanah/gr8h/Repos/fuse/fuse-network/contracts/eternal-storage/EternalStorageProxy.sol
FN:35,onlyProxyStorage
FN:43,onlyOwner
FN:53,constructor
FN:69,
FN:98,upgradeTo
FN:111,renounceOwnership
FN:120,transferOwnership
FN:126,getOwner
FN:130,_setOwner
FN:134,getVersion
FN:138,_setVersion
FN:142,getImplementation
FN:146,_setImplementation
FN:150,getProxyStorage
FN:154,_setProxyStorage
FNF:15
FNH:0
FNDA:0,onlyProxyStorage
FNDA:0,onlyOwner
FNDA:0,constructor
FNDA:0,
FNDA:0,upgradeTo
FNDA:0,renounceOwnership
FNDA:0,transferOwnership
FNDA:0,getOwner
FNDA:0,_setOwner
FNDA:0,getVersion
FNDA:0,_setVersion
FNDA:0,getImplementation
FNDA:0,_setImplementation
FNDA:0,getProxyStorage
FNDA:0,_setProxyStorage
DA:36,0
DA:37,0
DA:44,0
DA:45,0
DA:54,0
DA:55,0
DA:56,0
DA:58,0
DA:60,0
DA:61,0
DA:70,0
DA:71,0
DA:73,0
DA:99,0
DA:100,0
DA:101,0
DA:102,0
DA:103,0
DA:104,0
DA:105,0
DA:112,0
DA:113,0
DA:121,0
DA:122,0
DA:123,0
DA:127,0
DA:131,0
DA:135,0
DA:139,0
DA:143,0
DA:147,0
DA:151,0
DA:155,0
LF:33
LH:0
BRDA:36,1,0,0
BRDA:36,1,1,0
BRDA:44,2,0,0
BRDA:44,2,1,0
BRDA:54,3,0,0
BRDA:54,3,1,0
BRDA:55,4,0,0
BRDA:55,4,1,0
BRDA:71,5,0,0
BRDA:71,5,1,0
BRDA:98,6,0,0
BRDA:98,6,1,0
BRDA:99,7,0,0
BRDA:99,7,1,0
BRDA:100,8,0,0
BRDA:100,8,1,0
BRDA:111,9,0,0
BRDA:111,9,1,0
BRDA:120,10,0,0
BRDA:120,10,1,0
BRDA:121,11,0,0
BRDA:121,11,1,0
BRF:22
BRH:0
end_of_record
TN:
SF:/Users/heshamshabanah/gr8h/Repos/fuse/fuse-network/contracts/interfaces/IBlockReward.sol
FNF:0
FNH:0
LF:0
LH:0
BRF:0
BRH:0
end_of_record
TN:
SF:/Users/heshamshabanah/gr8h/Repos/fuse/fuse-network/contracts/interfaces/IConsensus.sol
FNF:0
FNH:0
LF:0
LH:0
BRF:0
BRH:0
end_of_record
TN:
SF:/Users/heshamshabanah/gr8h/Repos/fuse/fuse-network/contracts/interfaces/IVoting.sol
FNF:0
FNH:0
LF:0
LH:0
BRF:0
BRH:0
end_of_record
TN:
SF:/Users/heshamshabanah/gr8h/Repos/fuse/fuse-network/contracts/Migrations.sol
FN:7,restricted
FN:11,constructor
FN:15,setCompleted
FN:19,upgrade
FNF:4
FNH:0
FNDA:0,restricted
FNDA:0,constructor
FNDA:0,setCompleted
FNDA:0,upgrade
DA:8,0
DA:12,0
DA:16,0
DA:20,0
DA:21,0
LF:5
LH:0
BRDA:8,1,0,0
BRDA:8,1,1,0
BRDA:15,2,0,0
BRDA:15,2,1,0
BRDA:19,3,0,0
BRDA:19,3,1,0
BRF:6
BRH:0
end_of_record
TN:
SF:/Users/heshamshabanah/gr8h/Repos/fuse/fuse-network/contracts/ProxyStorage.sol
FN:44,onlyOwner
FN:52,onlyVoting
FN:61,initialize
FN:72,initializeAddresses
FN:92,setContractAddress
FN:118,isValidContractType
FN:132,_setConsensus
FN:136,getConsensus
FN:140,getBlockReward
FN:144,getVoting
FNF:10
FNH:0
FNDA:0,onlyOwner
FNDA:0,onlyVoting
FNDA:0,initialize
FNDA:0,initializeAddresses
FNDA:0,setContractAddress
FNDA:0,isValidContractType
FNDA:0,_setConsensus
FNDA:0,getConsensus
FNDA:0,getBlockReward
FNDA:0,getVoting
DA:45,0
DA:46,0
DA:53,0
DA:54,0
DA:62,0
DA:63,0
DA:64,0
DA:65,0
DA:66,0
DA:73,0
DA:75,0
DA:76,0
DA:78,0
DA:80,0
DA:93,0
DA:94,0
DA:96,0
DA:98,0
DA:99,0
DA:101,0
DA:103,0
DA:105,0
DA:108,0
DA:109,0
DA:111,0
DA:119,0
DA:133,0
DA:137,0
DA:141,0
DA:145,0
LF:30
LH:0
BRDA:45,1,0,0
BRDA:45,1,1,0
BRDA:53,2,0,0
BRDA:53,2,1,0
BRDA:61,3,0,0
BRDA:61,3,1,0
BRDA:62,4,0,0
BRDA:62,4,1,0
BRDA:63,5,0,0
BRDA:63,5,1,0
BRDA:64,6,0,0
BRDA:64,6,1,0
BRDA:72,7,0,0
BRDA:72,7,1,0
BRDA:73,8,0,0
BRDA:73,8,1,0
BRDA:92,9,0,0
BRDA:92,9,1,0
BRDA:93,10,0,0
BRDA:93,10,1,0
BRDA:94,11,0,0
BRDA:94,11,1,0
BRDA:98,12,0,0
BRDA:98,12,1,0
BRDA:100,13,0,0
BRDA:100,13,1,0
BRDA:102,14,0,0
BRDA:102,14,1,0
BRDA:104,15,0,0
BRDA:104,15,1,0
BRDA:108,16,0,0
BRDA:108,16,1,0
BRDA:120,17,0,0
BRDA:120,17,1,0
BRDA:120,18,0,0
BRDA:120,18,1,0
BRDA:120,19,0,0
BRDA:120,19,1,0
BRF:38
BRH:0
end_of_record
TN:
SF:/Users/heshamshabanah/gr8h/Repos/fuse/fuse-network/contracts/test/BlockRewardMock.sol
FN:6,setSystemAddressMock
FN:10,getSystemAddress
FN:14,getBlocksPerYear
FN:18,setShouldEmitRewardedOnCycleMock
FN:22,cycleMock
FNF:5
FNH:0
FNDA:0,setSystemAddressMock
FNDA:0,getSystemAddress
FNDA:0,getBlocksPerYear
FNDA:0,setShouldEmitRewardedOnCycleMock
FNDA:0,cycleMock
DA:7,0
DA:11,0
DA:15,0
DA:19,0
DA:23,0
LF:5
LH:0
BRDA:6,1,0,0
BRDA:6,1,1,0
BRF:2
BRH:0
end_of_record
TN:
SF:/Users/heshamshabanah/gr8h/Repos/fuse/fuse-network/contracts/test/ConsensusMock.sol
FN:8,setSystemAddressMock
FN:12,getSystemAddress
FN:16,hasCycleEnded
FN:24,getRandom
FN:32,setNewValidatorSetMock
FN:36,setStakeAmountMockGroup
FN:42,addStakeAmountMock
FN:46,setFinalizedMock
FN:50,setShouldEmitInitiateChangeMock
FN:54,getMinStake
FN:58,getMaxStake
FN:62,getCycleDurationBlocks
FN:66,getSnapshotsPerCycle
FN:70,setCurrentValidatorsLengthMock
FN:74,currentValidatorsLength
FN:81,setValidatorFeeMock
FN:86,setTotalStakeAmountMock
FN:90,setBlockCounterMock
FNF:18
FNH:0
FNDA:0,setSystemAddressMock
FNDA:0,getSystemAddress
FNDA:0,hasCycleEnded
FNDA:0,getRandom
FNDA:0,setNewValidatorSetMock
FNDA:0,setStakeAmountMockGroup
FNDA:0,addStakeAmountMock
FNDA:0,setFinalizedMock
FNDA:0,setShouldEmitInitiateChangeMock
FNDA:0,getMinStake
FNDA:0,getMaxStake
FNDA:0,getCycleDurationBlocks
FNDA:0,getSnapshotsPerCycle
FNDA:0,setCurrentValidatorsLengthMock
FNDA:0,currentValidatorsLength
FNDA:0,setValidatorFeeMock
FNDA:0,setTotalStakeAmountMock
FNDA:0,setBlockCounterMock
DA:9,0
DA:13,0
DA:17,0
DA:25,0
DA:33,0
DA:37,0
DA:38,0
DA:43,0
DA:47,0
DA:51,0
DA:55,0
DA:59,0
DA:63,0
DA:67,0
DA:71,0
DA:75,0
DA:76,0
DA:78,0
DA:82,0
DA:83,0
DA:87,0
DA:91,0
LF:22
LH:0
BRDA:8,1,0,0
BRDA:8,1,1,0
BRDA:75,2,0,0
BRDA:75,2,1,0
BRDA:82,3,0,0
BRDA:82,3,1,0
BRF:6
BRH:0
end_of_record
TN:
SF:/Users/heshamshabanah/gr8h/Repos/fuse/fuse-network/contracts/test/EternalStorageProxyMock.sol
FN:6,constructor
FN:8,setProxyStorageMock
FNF:2
FNH:0
FNDA:0,constructor
FNDA:0,setProxyStorageMock
DA:9,0
LF:1
LH:0
BRF:0
BRH:0
end_of_record
TN:
SF:/Users/heshamshabanah/gr8h/Repos/fuse/fuse-network/contracts/test/ProxyStorageMock.sol
FN:6,setBlockRewardMock
FN:10,setConsensusMock
FN:14,upgradeBlockRewardMock
FN:18,upgradeConsensusMock
FNF:4
FNH:0
FNDA:0,setBlockRewardMock
FNDA:0,setConsensusMock
FNDA:0,upgradeBlockRewardMock
FNDA:0,upgradeConsensusMock
DA:7,0
DA:11,0
DA:15,0
DA:19,0
LF:4
LH:0
BRF:0
BRH:0
end_of_record
TN:
SF:/Users/heshamshabanah/gr8h/Repos/fuse/fuse-network/contracts/test/VotingMock.sol
FN:9,setNextBallotIdMock
FN:13,setConsensusMock
FN:20,onlyConsensus
FNF:3
FNH:0
FNDA:0,setNextBallotIdMock
FNDA:0,setConsensusMock
FNDA:0,onlyConsensus
DA:10,0
DA:14,0
DA:21,0
DA:22,0
DA:24,0
DA:26,0
LF:6
LH:0
BRDA:21,1,0,0
BRDA:21,1,1,0
BRDA:22,2,0,0
BRDA:22,2,1,0
BRDA:24,3,0,0
BRDA:24,3,1,0
BRF:6
BRH:0
end_of_record
TN:
SF:/Users/heshamshabanah/gr8h/Repos/fuse/fuse-network/contracts/Voting.sol
FN:14,initialize
FN:27,newBallot
FN:41,getBallotInfo
FN:64,vote
FN:78,onCycleEnd
FNF:5
FNH:0
FNDA:0,initialize
FNDA:0,newBallot
FNDA:0,getBallotInfo
FNDA:0,vote
FNDA:0,onCycleEnd
DA:15,0
DA:16,0
DA:28,0
DA:29,0
DA:30,0
DA:31,0
DA:32,0
DA:33,0
DA:42,0
DA:43,0
DA:44,0
DA:45,0
DA:46,0
DA:47,0
DA:48,0
DA:49,0
DA:50,0
DA:51,0
DA:52,0
DA:53,0
DA:54,0
DA:56,0
DA:65,0
DA:66,0
DA:67,0
DA:68,0
DA:69,0
DA:70,0
DA:71,0
DA:79,0
DA:80,0
DA:81,0
DA:83,0
DA:84,0
DA:85,0
DA:86,0
DA:88,0
DA:89,0
DA:90,0
DA:91,0
DA:92,0
DA:93,0
DA:94,0
DA:96,0
DA:100,0
DA:101,0
DA:102,0
DA:103,0
LF:48
LH:0
BRDA:14,1,0,0
BRDA:14,1,1,0
BRDA:15,2,0,0
BRDA:15,2,1,0
BRDA:27,3,0,0
BRDA:27,3,1,0
BRDA:27,4,0,0
BRDA:27,4,1,0
BRDA:28,5,0,0
BRDA:28,5,1,0
BRDA:29,6,0,0
BRDA:29,6,1,0
BRDA:65,7,0,0
BRDA:65,7,1,0
BRDA:67,8,0,0
BRDA:67,8,1,0
BRDA:68,9,0,0
BRDA:68,9,1,0
BRDA:69,10,0,0
BRDA:69,10,1,0
BRDA:69,11,0,0
BRDA:69,11,1,0
BRDA:78,12,0,0
BRDA:78,12,1,0
BRDA:80,13,0,0
BRDA:80,13,1,0
BRDA:86,14,0,0
BRDA:86,14,1,0
BRDA:88,15,0,0
BRDA:88,15,1,0
BRDA:93,16,0,0
BRDA:93,16,1,0
BRDA:95,17,0,0
BRDA:95,17,1,0
BRF:34
BRH:0
end_of_record
TN:
SF:/Users/heshamshabanah/gr8h/Repos/fuse/fuse-network/contracts/VotingUtils.sol
FN:25,onlyOwner
FN:33,onlyValidDuration
FN:44,onlyValidVotingKey
FN:52,onlyConsensus
FN:66,validContractType
FN:74,isValidVotingKey
FN:89,getBallotLimitPerValidator
FN:106,hasAlreadyVoted
FN:117,canBeFinalized
FN:125,getProposedValue
FN:129,_setProposedValue
FN:133,getContractType
FN:137,_setContractType
FN:147,_createBallot
FN:167,_finalize
FN:196,_deactivateBallot
FN:210,_finalizeBallot
FN:214,isActiveBallot
FN:218,getQuorumState
FN:222,_setQuorumState
FN:226,getNextBallotId
FN:230,_setNextBallotId
FN:237,getMinBallotDurationCycles
FN:244,getMaxBallotDurationCycles
FN:248,getStartBlock
FN:252,_setStartBlock
FN:260,getEndBlock
FN:264,_setEndBlock
FN:271,getIsFinalized
FN:275,_setIsFinalized
FN:279,getBelowTurnOut
FN:283,_setBelowTurnOut
FN:287,getDescription
FN:291,_setDescription
FN:295,getCreator
FN:299,_setCreator
FN:303,getIndex
FN:307,_setIndex
FN:311,activeBallots
FN:315,activeBallotsAtIndex
FN:319,activeBallotsLength
FN:323,_activeBallotsAdd
FN:327,_activeBallotsDecreaseLength
FN:333,_activeBallotsSet
FN:337,validatorActiveBallots
FN:341,_setValidatorActiveBallots
FN:345,_increaseValidatorLimit
FN:349,_decreaseValidatorLimit
FN:357,getFinalizeCalled
FN:361,_setFinalizeCalled
FN:365,getProxyStorage
FN:369,getTotalNumberOfValidators
FN:373,getStake
FN:377,_setVoterChoice
FN:381,getVoterChoice
FN:385,withinLimit
FN:389,getAccepted
FN:393,_setAccepted
FN:397,getRejected
FN:401,_setRejected
FN:405,getTotalStake
FN:409,_setTotalStake
FN:413,_checkTurnout
FNF:63
FNH:0
FNDA:0,onlyOwner
FNDA:0,onlyValidDuration
FNDA:0,onlyValidVotingKey
FNDA:0,onlyConsensus
FNDA:0,validContractType
FNDA:0,isValidVotingKey
FNDA:0,getBallotLimitPerValidator
FNDA:0,hasAlreadyVoted
FNDA:0,canBeFinalized
FNDA:0,getProposedValue
FNDA:0,_setProposedValue
FNDA:0,getContractType
FNDA:0,_setContractType
FNDA:0,_createBallot
FNDA:0,_finalize
FNDA:0,_deactivateBallot
FNDA:0,_finalizeBallot
FNDA:0,isActiveBallot
FNDA:0,getQuorumState
FNDA:0,_setQuorumState
FNDA:0,getNextBallotId
FNDA:0,_setNextBallotId
FNDA:0,getMinBallotDurationCycles
FNDA:0,getMaxBallotDurationCycles
FNDA:0,getStartBlock
FNDA:0,_setStartBlock
FNDA:0,getEndBlock
FNDA:0,_setEndBlock
FNDA:0,getIsFinalized
FNDA:0,_setIsFinalized
FNDA:0,getBelowTurnOut
FNDA:0,_setBelowTurnOut
FNDA:0,getDescription
FNDA:0,_setDescription
FNDA:0,getCreator
FNDA:0,_setCreator
FNDA:0,getIndex
FNDA:0,_setIndex
FNDA:0,activeBallots
FNDA:0,activeBallotsAtIndex
FNDA:0,activeBallotsLength
FNDA:0,_activeBallotsAdd
FNDA:0,_activeBallotsDecreaseLength
FNDA:0,_activeBallotsSet
FNDA:0,validatorActiveBallots
FNDA:0,_setValidatorActiveBallots
FNDA:0,_increaseValidatorLimit
FNDA:0,_decreaseValidatorLimit
FNDA:0,getFinalizeCalled
FNDA:0,_setFinalizeCalled
FNDA:0,getProxyStorage
FNDA:0,getTotalNumberOfValidators
FNDA:0,getStake
FNDA:0,_setVoterChoice
FNDA:0,getVoterChoice
FNDA:0,withinLimit
FNDA:0,getAccepted
FNDA:0,_setAccepted
FNDA:0,getRejected
FNDA:0,_setRejected
FNDA:0,getTotalStake
FNDA:0,_setTotalStake
FNDA:0,_checkTurnout
DA:26,0
DA:27,0
DA:34,0
DA:35,0
DA:36,0
DA:37,0
DA:38,0
DA:45,0
DA:46,0
DA:53,0
DA:54,0
DA:67,0
DA:75,0
DA:76,0
DA:77,0
DA:78,0
DA:79,0
DA:80,0
DA:83,0
DA:90,0
DA:91,0
DA:92,0
DA:94,0
DA:95,0
DA:96,0
DA:98,0
DA:107,0
DA:108,0
DA:110,0
DA:118,0
DA:119,0
DA:120,0
DA:122,0
DA:126,0
DA:130,0
DA:134,0
DA:138,0
DA:148,0
DA:149,0
DA:150,0
DA:151,0
DA:152,0
DA:153,0
DA:154,0
DA:155,0
DA:156,0
DA:157,0
DA:158,0
DA:159,0
DA:160,0
DA:161,0
DA:162,0
DA:163,0
DA:164,0
DA:168,0
DA:169,0
DA:170,0
DA:174,0
DA:175,0
DA:176,0
DA:177,0
DA:179,0
DA:182,0
DA:184,0
DA:187,0
DA:188,0
DA:191,0
DA:192,0
DA:193,0
DA:197,0
DA:198,0
DA:199,0
DA:202,0
DA:205,0
DA:206,0
DA:207,0
DA:211,0
DA:215,0
DA:219,0
DA:223,0
DA:227,0
DA:231,0
DA:238,0
DA:245,0
DA:249,0
DA:253,0
DA:254,0
DA:255,0
DA:256,0
DA:257,0
DA:261,0
DA:265,0
DA:266,0
DA:267,0
DA:268,0
DA:272,0
DA:276,0
DA:280,0
DA:284,0
DA:288,0
DA:292,0
DA:296,0
DA:300,0
DA:304,0
DA:308,0
DA:312,0
DA:316,0
DA:320,0
DA:324,0
DA:328,0
DA:329,0
DA:334,0
DA:338,0
DA:342,0
DA:346,0
DA:350,0
DA:351,0
DA:352,0
DA:353,0
DA:358,0
DA:362,0
DA:366,0
DA:370,0
DA:374,0
DA:378,0
DA:382,0
DA:386,0
DA:390,0
DA:394,0
DA:398,0
DA:402,0
DA:406,0
DA:410,0
DA:414,0
DA:415,0
DA:417,0
DA:419,0
LF:137
LH:0
BRDA:26,1,0,0
BRDA:26,1,1,0
BRDA:34,2,0,0
BRDA:34,2,1,0
BRDA:35,3,0,0
BRDA:35,3,1,0
BRDA:36,4,0,0
BRDA:36,4,1,0
BRDA:37,5,0,0
BRDA:37,5,1,0
BRDA:45,6,0,0
BRDA:45,6,1,0
BRDA:53,7,0,0
BRDA:53,7,1,0
BRDA:79,8,0,0
BRDA:79,8,1,0
BRDA:91,9,0,0
BRDA:91,9,1,0
BRDA:95,10,0,0
BRDA:95,10,1,0
BRDA:107,11,0,0
BRDA:107,11,1,0
BRDA:118,12,0,0
BRDA:118,12,1,0
BRDA:119,13,0,0
BRDA:119,13,1,0
BRDA:120,14,0,0
BRDA:120,14,1,0
BRDA:148,15,0,0
BRDA:148,15,1,0
BRDA:150,16,0,0
BRDA:150,16,1,0
BRDA:168,17,0,0
BRDA:168,17,1,0
BRDA:174,18,0,0
BRDA:174,18,1,0
BRDA:175,19,0,0
BRDA:175,19,1,0
BRDA:176,20,0,0
BRDA:176,20,1,0
BRDA:328,21,0,0
BRDA:328,21,1,0
BRDA:352,22,0,0
BRDA:352,22,1,0
BRF:44
BRH:0
end_of_record
